!SESSION 2022-11-17 10:38:21.973 -----------------------------------------------
eclipse.buildId=4.23.0.I20220308-0310
java.version=11.0.17
java.vendor=Ubuntu
BootLoader constants: OS=linux, ARCH=x86_64, WS=gtk, NL=en_US
Framework arguments:  -product org.eclipse.epp.package.java.product
Command-line arguments:  -os linux -ws gtk -arch x86_64 -product org.eclipse.epp.package.java.product

!ENTRY org.eclipse.jface 2 0 2022-11-17 10:39:29.109
!MESSAGE Keybinding conflicts occurred.  They may interfere with normal accelerator operation.
!SUBENTRY 1 org.eclipse.jface 2 0 2022-11-17 10:39:29.109
!MESSAGE A conflict occurred for CTRL+SHIFT+T:
Binding(CTRL+SHIFT+T,
	ParameterizedCommand(Command(org.eclipse.jdt.ui.navigate.open.type,Open Type,
		Open a type in a Java editor,
		Category(org.eclipse.ui.category.navigate,Navigate,null,true),
		org.eclipse.ui.internal.WorkbenchHandlerServiceHandler@44e08a7a,
		,,true),null),
	org.eclipse.ui.defaultAcceleratorConfiguration,
	org.eclipse.ui.contexts.window,,,system)
Binding(CTRL+SHIFT+T,
	ParameterizedCommand(Command(org.eclipse.lsp4e.symbolinworkspace,Go to Symbol in Workspace,
		,
		Category(org.eclipse.lsp4e.category,Language Servers,null,true),
		org.eclipse.ui.internal.WorkbenchHandlerServiceHandler@78bd02c8,
		,,true),null),
	org.eclipse.ui.defaultAcceleratorConfiguration,
	org.eclipse.ui.contexts.window,,,system)
!SUBENTRY 1 org.eclipse.jface 2 0 2022-11-17 10:39:29.109
!MESSAGE A conflict occurred for ALT+SHIFT+R:
Binding(ALT+SHIFT+R,
	ParameterizedCommand(Command(org.eclipse.jdt.ui.edit.text.java.rename.element,Rename - Refactoring ,
		Rename the selected element,
		Category(org.eclipse.jdt.ui.category.refactoring,Refactor - Java,Java Refactoring Actions,true),
		org.eclipse.ui.internal.WorkbenchHandlerServiceHandler@28dacf31,
		,,true),null),
	org.eclipse.ui.defaultAcceleratorConfiguration,
	org.eclipse.ui.contexts.window,,,system)
Binding(ALT+SHIFT+R,
	ParameterizedCommand(Command(org.eclipse.ui.edit.rename,Rename,
		Rename the selected item,
		Category(org.eclipse.ui.category.file,File,null,true),
		org.eclipse.ui.internal.WorkbenchHandlerServiceHandler@47e60b71,
		,,true),null),
	org.eclipse.ui.defaultAcceleratorConfiguration,
	org.eclipse.ui.contexts.window,,,system)

!ENTRY org.python.pydev.shared_core 1 1 2022-11-17 10:41:19.112
!MESSAGE - Ok, file is non-null. Getting info on:/usr/bin/python3
- Beggining task:Getting libs totalWork:100
- Setting task name:Mounting executable string...
- Setting task name:Executing:  /usr/bin/python3 -u /home/estudiante/.p2/pool/plugins/org.python.pydev.core_9.3.0.202203051235/pysrc/interpreterInfo.py
- Setting task name:Making pythonpath environment... /usr/bin/python3 -u /home/estudiante/.p2/pool/plugins/org.python.pydev.core_9.3.0.202203051235/pysrc/interpreterInfo.py
- Setting task name:Making exec... /usr/bin/python3 -u /home/estudiante/.p2/pool/plugins/org.python.pydev.core_9.3.0.202203051235/pysrc/interpreterInfo.py
- Setting task name:Reading output...
- Setting task name:Waiting for process to finish.
- Setting task name:Process finished.
- Success getting the info. Result:<xml>
<name>python</name>
<version>3.10</version>
<executable>/usr/bin/python3</executable>
<lib>/usr/lib/python3.10</lib>
<lib>/usr/lib/python3.10/lib-dynload</lib>
<lib>/usr/local/lib/python3.10/dist-packages</lib>
<lib>/usr/lib/python3/dist-packages</lib>
<forced_lib>Image</forced_lib>
<forced_lib>OpenGL</forced_lib>
<forced_lib>_abc</forced_lib>
<forced_lib>_ast</forced_lib>
<forced_lib>_bisect</forced_lib>
<forced_lib>_blake2</forced_lib>
<forced_lib>_bytesio</forced_lib>
<forced_lib>_codecs</forced_lib>
<forced_lib>_codecs_cn</forced_lib>
<forced_lib>_codecs_hk</forced_lib>
<forced_lib>_codecs_iso2022</forced_lib>
<forced_lib>_codecs_jp</forced_lib>
<forced_lib>_codecs_kr</forced_lib>
<forced_lib>_codecs_tw</forced_lib>
<forced_lib>_collections</forced_lib>
<forced_lib>_csv</forced_lib>
<forced_lib>_datetime</forced_lib>
<forced_lib>_elementtree</forced_lib>
<forced_lib>_fileio</forced_lib>
<forced_lib>_functools</forced_lib>
<forced_lib>_heapq</forced_lib>
<forced_lib>_hotshot</forced_lib>
<forced_lib>_imp</forced_lib>
<forced_lib>_io</forced_lib>
<forced_lib>_json</forced_lib>
<forced_lib>_locale</forced_lib>
<forced_lib>_lsprof</forced_lib>
<forced_lib>_md5</forced_lib>
<forced_lib>_multibytecodec</forced_lib>
<forced_lib>_operator</forced_lib>
<forced_lib>_pickle</forced_lib>
<forced_lib>_posixsubprocess</forced_lib>
<forced_lib>_random</forced_lib>
<forced_lib>_sha</forced_lib>
<forced_lib>_sha1</forced_lib>
<forced_lib>_sha256</forced_lib>
<forced_lib>_sha3</forced_lib>
<forced_lib>_sha512</forced_lib>
<forced_lib>_signal</forced_lib>
<forced_lib>_socket</forced_lib>
<forced_lib>_sre</forced_lib>
<forced_lib>_stat</forced_lib>
<forced_lib>_statistics</forced_lib>
<forced_lib>_string</forced_lib>
<forced_lib>_struct</forced_lib>
<forced_lib>_subprocess</forced_lib>
<forced_lib>_symtable</forced_lib>
<forced_lib>_thread</forced_lib>
<forced_lib>_tracemalloc</forced_lib>
<forced_lib>_warnings</forced_lib>
<forced_lib>_weakref</forced_lib>
<forced_lib>_winreg</forced_lib>
<forced_lib>array</forced_lib>
<forced_lib>atexit</forced_lib>
<forced_lib>audioop</forced_lib>
<forced_lib>binascii</forced_lib>
<forced_lib>builtins</forced_lib>
<forced_lib>cPickle</forced_lib>
<forced_lib>cStringIO</forced_lib>
<forced_lib>cmath</forced_lib>
<forced_lib>cv2</forced_lib>
<forced_lib>datetime</forced_lib>
<forced_lib>email</forced_lib>
<forced_lib>errno</forced_lib>
<forced_lib>exceptions</forced_lib>
<forced_lib>faulthandler</forced_lib>
<forced_lib>fcntl</forced_lib>
<forced_lib>future_builtins</forced_lib>
<forced_lib>gc</forced_lib>
<forced_lib>gi</forced_lib>
<forced_lib>grp</forced_lib>
<forced_lib>hashlib</forced_lib>
<forced_lib>imageop</forced_lib>
<forced_lib>imp</forced_lib>
<forced_lib>itertools</forced_lib>
<forced_lib>marshal</forced_lib>
<forced_lib>math</forced_lib>
<forced_lib>mmap</forced_lib>
<forced_lib>mock</forced_lib>
<forced_lib>msvcrt</forced_lib>
<forced_lib>multiprocessing</forced_lib>
<forced_lib>mutagen</forced_lib>
<forced_lib>nt</forced_lib>
<forced_lib>numpy</forced_lib>
<forced_lib>operator</forced_lib>
<forced_lib>os</forced_lib>
<forced_lib>os.path</forced_lib>
<forced_lib>parser</forced_lib>
<forced_lib>posix</forced_lib>
<forced_lib>pwd</forced_lib>
<forced_lib>py</forced_lib>
<forced_lib>pyexpat</forced_lib>
<forced_lib>pytest</forced_lib>
<forced_lib>random</forced_lib>
<forced_lib>re</forced_lib>
<forced_lib>scipy</forced_lib>
<forced_lib>select</forced_lib>
<forced_lib>signal</forced_lib>
<forced_lib>six</forced_lib>
<forced_lib>socket</forced_lib>
<forced_lib>spwd</forced_lib>
<forced_lib>ssl</forced_lib>
<forced_lib>strop</forced_lib>
<forced_lib>sys</forced_lib>
<forced_lib>syslog</forced_lib>
<forced_lib>thread</forced_lib>
<forced_lib>time</forced_lib>
<forced_lib>unicodedata</forced_lib>
<forced_lib>wx</forced_lib>
<forced_lib>wxPython</forced_lib>
<forced_lib>xxsubtype</forced_lib>
<forced_lib>zipimport</forced_lib>
<forced_lib>zlib</forced_lib>
<string_substitution_var><key>PY</key><value>310</value></string_substitution_var>
</xml>
- Ok, file is non-null. Getting info on:/bin/python3
- Beggining task:Getting libs totalWork:100
- Setting task name:Mounting executable string...
- Setting task name:Executing:  /bin/python3 -u /home/estudiante/.p2/pool/plugins/org.python.pydev.core_9.3.0.202203051235/pysrc/interpreterInfo.py
- Setting task name:Making pythonpath environment... /bin/python3 -u /home/estudiante/.p2/pool/plugins/org.python.pydev.core_9.3.0.202203051235/pysrc/interpreterInfo.py
- Setting task name:Making exec... /bin/python3 -u /home/estudiante/.p2/pool/plugins/org.python.pydev.core_9.3.0.202203051235/pysrc/interpreterInfo.py
- Setting task name:Reading output...
- Setting task name:Waiting for process to finish.
- Setting task name:Process finished.
- Success getting the info. Result:<xml>
<name>python</name>
<version>3.10</version>
<executable>/bin/python3</executable>
<lib>/usr/lib/python3.10</lib>
<lib>/usr/lib/python3.10/lib-dynload</lib>
<lib>/usr/local/lib/python3.10/dist-packages</lib>
<lib>/usr/lib/python3/dist-packages</lib>
<forced_lib>Image</forced_lib>
<forced_lib>OpenGL</forced_lib>
<forced_lib>_abc</forced_lib>
<forced_lib>_ast</forced_lib>
<forced_lib>_bisect</forced_lib>
<forced_lib>_blake2</forced_lib>
<forced_lib>_bytesio</forced_lib>
<forced_lib>_codecs</forced_lib>
<forced_lib>_codecs_cn</forced_lib>
<forced_lib>_codecs_hk</forced_lib>
<forced_lib>_codecs_iso2022</forced_lib>
<forced_lib>_codecs_jp</forced_lib>
<forced_lib>_codecs_kr</forced_lib>
<forced_lib>_codecs_tw</forced_lib>
<forced_lib>_collections</forced_lib>
<forced_lib>_csv</forced_lib>
<forced_lib>_datetime</forced_lib>
<forced_lib>_elementtree</forced_lib>
<forced_lib>_fileio</forced_lib>
<forced_lib>_functools</forced_lib>
<forced_lib>_heapq</forced_lib>
<forced_lib>_hotshot</forced_lib>
<forced_lib>_imp</forced_lib>
<forced_lib>_io</forced_lib>
<forced_lib>_json</forced_lib>
<forced_lib>_locale</forced_lib>
<forced_lib>_lsprof</forced_lib>
<forced_lib>_md5</forced_lib>
<forced_lib>_multibytecodec</forced_lib>
<forced_lib>_operator</forced_lib>
<forced_lib>_pickle</forced_lib>
<forced_lib>_posixsubprocess</forced_lib>
<forced_lib>_random</forced_lib>
<forced_lib>_sha</forced_lib>
<forced_lib>_sha1</forced_lib>
<forced_lib>_sha256</forced_lib>
<forced_lib>_sha3</forced_lib>
<forced_lib>_sha512</forced_lib>
<forced_lib>_signal</forced_lib>
<forced_lib>_socket</forced_lib>
<forced_lib>_sre</forced_lib>
<forced_lib>_stat</forced_lib>
<forced_lib>_statistics</forced_lib>
<forced_lib>_string</forced_lib>
<forced_lib>_struct</forced_lib>
<forced_lib>_subprocess</forced_lib>
<forced_lib>_symtable</forced_lib>
<forced_lib>_thread</forced_lib>
<forced_lib>_tracemalloc</forced_lib>
<forced_lib>_warnings</forced_lib>
<forced_lib>_weakref</forced_lib>
<forced_lib>_winreg</forced_lib>
<forced_lib>array</forced_lib>
<forced_lib>atexit</forced_lib>
<forced_lib>audioop</forced_lib>
<forced_lib>binascii</forced_lib>
<forced_lib>builtins</forced_lib>
<forced_lib>cPickle</forced_lib>
<forced_lib>cStringIO</forced_lib>
<forced_lib>cmath</forced_lib>
<forced_lib>cv2</forced_lib>
<forced_lib>datetime</forced_lib>
<forced_lib>email</forced_lib>
<forced_lib>errno</forced_lib>
<forced_lib>exceptions</forced_lib>
<forced_lib>faulthandler</forced_lib>
<forced_lib>fcntl</forced_lib>
<forced_lib>future_builtins</forced_lib>
<forced_lib>gc</forced_lib>
<forced_lib>gi</forced_lib>
<forced_lib>grp</forced_lib>
<forced_lib>hashlib</forced_lib>
<forced_lib>imageop</forced_lib>
<forced_lib>imp</forced_lib>
<forced_lib>itertools</forced_lib>
<forced_lib>marshal</forced_lib>
<forced_lib>math</forced_lib>
<forced_lib>mmap</forced_lib>
<forced_lib>mock</forced_lib>
<forced_lib>msvcrt</forced_lib>
<forced_lib>multiprocessing</forced_lib>
<forced_lib>mutagen</forced_lib>
<forced_lib>nt</forced_lib>
<forced_lib>numpy</forced_lib>
<forced_lib>operator</forced_lib>
<forced_lib>os</forced_lib>
<forced_lib>os.path</forced_lib>
<forced_lib>parser</forced_lib>
<forced_lib>posix</forced_lib>
<forced_lib>pwd</forced_lib>
<forced_lib>py</forced_lib>
<forced_lib>pyexpat</forced_lib>
<forced_lib>pytest</forced_lib>
<forced_lib>random</forced_lib>
<forced_lib>re</forced_lib>
<forced_lib>scipy</forced_lib>
<forced_lib>select</forced_lib>
<forced_lib>signal</forced_lib>
<forced_lib>six</forced_lib>
<forced_lib>socket</forced_lib>
<forced_lib>spwd</forced_lib>
<forced_lib>ssl</forced_lib>
<forced_lib>strop</forced_lib>
<forced_lib>sys</forced_lib>
<forced_lib>syslog</forced_lib>
<forced_lib>thread</forced_lib>
<forced_lib>time</forced_lib>
<forced_lib>unicodedata</forced_lib>
<forced_lib>wx</forced_lib>
<forced_lib>wxPython</forced_lib>
<forced_lib>xxsubtype</forced_lib>
<forced_lib>zipimport</forced_lib>
<forced_lib>zlib</forced_lib>
<string_substitution_var><key>PY</key><value>310</value></string_substitution_var>
</xml>
- Ok, file is non-null. Getting info on:/usr/bin/python3
- Beggining task:Getting libs totalWork:100
- Setting task name:Mounting executable string...
- Setting task name:Executing:  /usr/bin/python3 -u /home/estudiante/.p2/pool/plugins/org.python.pydev.core_9.3.0.202203051235/pysrc/interpreterInfo.py
- Setting task name:Making pythonpath environment... /usr/bin/python3 -u /home/estudiante/.p2/pool/plugins/org.python.pydev.core_9.3.0.202203051235/pysrc/interpreterInfo.py
- Setting task name:Making exec... /usr/bin/python3 -u /home/estudiante/.p2/pool/plugins/org.python.pydev.core_9.3.0.202203051235/pysrc/interpreterInfo.py
- Setting task name:Reading output...
- Setting task name:Waiting for process to finish.
- Setting task name:Process finished.
- Success getting the info. Result:<xml>
<name>python</name>
<version>3.10</version>
<executable>/usr/bin/python3</executable>
<lib>/usr/lib/python3.10</lib>
<lib>/usr/lib/python3.10/lib-dynload</lib>
<lib>/usr/local/lib/python3.10/dist-packages</lib>
<lib>/usr/lib/python3/dist-packages</lib>
<forced_lib>Image</forced_lib>
<forced_lib>OpenGL</forced_lib>
<forced_lib>_abc</forced_lib>
<forced_lib>_ast</forced_lib>
<forced_lib>_bisect</forced_lib>
<forced_lib>_blake2</forced_lib>
<forced_lib>_bytesio</forced_lib>
<forced_lib>_codecs</forced_lib>
<forced_lib>_codecs_cn</forced_lib>
<forced_lib>_codecs_hk</forced_lib>
<forced_lib>_codecs_iso2022</forced_lib>
<forced_lib>_codecs_jp</forced_lib>
<forced_lib>_codecs_kr</forced_lib>
<forced_lib>_codecs_tw</forced_lib>
<forced_lib>_collections</forced_lib>
<forced_lib>_csv</forced_lib>
<forced_lib>_datetime</forced_lib>
<forced_lib>_elementtree</forced_lib>
<forced_lib>_fileio</forced_lib>
<forced_lib>_functools</forced_lib>
<forced_lib>_heapq</forced_lib>
<forced_lib>_hotshot</forced_lib>
<forced_lib>_imp</forced_lib>
<forced_lib>_io</forced_lib>
<forced_lib>_json</forced_lib>
<forced_lib>_locale</forced_lib>
<forced_lib>_lsprof</forced_lib>
<forced_lib>_md5</forced_lib>
<forced_lib>_multibytecodec</forced_lib>
<forced_lib>_operator</forced_lib>
<forced_lib>_pickle</forced_lib>
<forced_lib>_posixsubprocess</forced_lib>
<forced_lib>_random</forced_lib>
<forced_lib>_sha</forced_lib>
<forced_lib>_sha1</forced_lib>
<forced_lib>_sha256</forced_lib>
<forced_lib>_sha3</forced_lib>
<forced_lib>_sha512</forced_lib>
<forced_lib>_signal</forced_lib>
<forced_lib>_socket</forced_lib>
<forced_lib>_sre</forced_lib>
<forced_lib>_stat</forced_lib>
<forced_lib>_statistics</forced_lib>
<forced_lib>_string</forced_lib>
<forced_lib>_struct</forced_lib>
<forced_lib>_subprocess</forced_lib>
<forced_lib>_symtable</forced_lib>
<forced_lib>_thread</forced_lib>
<forced_lib>_tracemalloc</forced_lib>
<forced_lib>_warnings</forced_lib>
<forced_lib>_weakref</forced_lib>
<forced_lib>_winreg</forced_lib>
<forced_lib>array</forced_lib>
<forced_lib>atexit</forced_lib>
<forced_lib>audioop</forced_lib>
<forced_lib>binascii</forced_lib>
<forced_lib>builtins</forced_lib>
<forced_lib>cPickle</forced_lib>
<forced_lib>cStringIO</forced_lib>
<forced_lib>cmath</forced_lib>
<forced_lib>cv2</forced_lib>
<forced_lib>datetime</forced_lib>
<forced_lib>email</forced_lib>
<forced_lib>errno</forced_lib>
<forced_lib>exceptions</forced_lib>
<forced_lib>faulthandler</forced_lib>
<forced_lib>fcntl</forced_lib>
<forced_lib>future_builtins</forced_lib>
<forced_lib>gc</forced_lib>
<forced_lib>gi</forced_lib>
<forced_lib>grp</forced_lib>
<forced_lib>hashlib</forced_lib>
<forced_lib>imageop</forced_lib>
<forced_lib>imp</forced_lib>
<forced_lib>itertools</forced_lib>
<forced_lib>marshal</forced_lib>
<forced_lib>math</forced_lib>
<forced_lib>mmap</forced_lib>
<forced_lib>mock</forced_lib>
<forced_lib>msvcrt</forced_lib>
<forced_lib>multiprocessing</forced_lib>
<forced_lib>mutagen</forced_lib>
<forced_lib>nt</forced_lib>
<forced_lib>numpy</forced_lib>
<forced_lib>operator</forced_lib>
<forced_lib>os</forced_lib>
<forced_lib>os.path</forced_lib>
<forced_lib>parser</forced_lib>
<forced_lib>posix</forced_lib>
<forced_lib>pwd</forced_lib>
<forced_lib>py</forced_lib>
<forced_lib>pyexpat</forced_lib>
<forced_lib>pytest</forced_lib>
<forced_lib>random</forced_lib>
<forced_lib>re</forced_lib>
<forced_lib>scipy</forced_lib>
<forced_lib>select</forced_lib>
<forced_lib>signal</forced_lib>
<forced_lib>six</forced_lib>
<forced_lib>socket</forced_lib>
<forced_lib>spwd</forced_lib>
<forced_lib>ssl</forced_lib>
<forced_lib>strop</forced_lib>
<forced_lib>sys</forced_lib>
<forced_lib>syslog</forced_lib>
<forced_lib>thread</forced_lib>
<forced_lib>time</forced_lib>
<forced_lib>unicodedata</forced_lib>
<forced_lib>wx</forced_lib>
<forced_lib>wxPython</forced_lib>
<forced_lib>xxsubtype</forced_lib>
<forced_lib>zipimport</forced_lib>
<forced_lib>zlib</forced_lib>
<string_substitution_var><key>PY</key><value>310</value></string_substitution_var>
</xml>

!STACK 0
java.lang.RuntimeException: - Ok, file is non-null. Getting info on:/usr/bin/python3
- Beggining task:Getting libs totalWork:100
- Setting task name:Mounting executable string...
- Setting task name:Executing:  /usr/bin/python3 -u /home/estudiante/.p2/pool/plugins/org.python.pydev.core_9.3.0.202203051235/pysrc/interpreterInfo.py
- Setting task name:Making pythonpath environment... /usr/bin/python3 -u /home/estudiante/.p2/pool/plugins/org.python.pydev.core_9.3.0.202203051235/pysrc/interpreterInfo.py
- Setting task name:Making exec... /usr/bin/python3 -u /home/estudiante/.p2/pool/plugins/org.python.pydev.core_9.3.0.202203051235/pysrc/interpreterInfo.py
- Setting task name:Reading output...
- Setting task name:Waiting for process to finish.
- Setting task name:Process finished.
- Success getting the info. Result:<xml>
<name>python</name>
<version>3.10</version>
<executable>/usr/bin/python3</executable>
<lib>/usr/lib/python3.10</lib>
<lib>/usr/lib/python3.10/lib-dynload</lib>
<lib>/usr/local/lib/python3.10/dist-packages</lib>
<lib>/usr/lib/python3/dist-packages</lib>
<forced_lib>Image</forced_lib>
<forced_lib>OpenGL</forced_lib>
<forced_lib>_abc</forced_lib>
<forced_lib>_ast</forced_lib>
<forced_lib>_bisect</forced_lib>
<forced_lib>_blake2</forced_lib>
<forced_lib>_bytesio</forced_lib>
<forced_lib>_codecs</forced_lib>
<forced_lib>_codecs_cn</forced_lib>
<forced_lib>_codecs_hk</forced_lib>
<forced_lib>_codecs_iso2022</forced_lib>
<forced_lib>_codecs_jp</forced_lib>
<forced_lib>_codecs_kr</forced_lib>
<forced_lib>_codecs_tw</forced_lib>
<forced_lib>_collections</forced_lib>
<forced_lib>_csv</forced_lib>
<forced_lib>_datetime</forced_lib>
<forced_lib>_elementtree</forced_lib>
<forced_lib>_fileio</forced_lib>
<forced_lib>_functools</forced_lib>
<forced_lib>_heapq</forced_lib>
<forced_lib>_hotshot</forced_lib>
<forced_lib>_imp</forced_lib>
<forced_lib>_io</forced_lib>
<forced_lib>_json</forced_lib>
<forced_lib>_locale</forced_lib>
<forced_lib>_lsprof</forced_lib>
<forced_lib>_md5</forced_lib>
<forced_lib>_multibytecodec</forced_lib>
<forced_lib>_operator</forced_lib>
<forced_lib>_pickle</forced_lib>
<forced_lib>_posixsubprocess</forced_lib>
<forced_lib>_random</forced_lib>
<forced_lib>_sha</forced_lib>
<forced_lib>_sha1</forced_lib>
<forced_lib>_sha256</forced_lib>
<forced_lib>_sha3</forced_lib>
<forced_lib>_sha512</forced_lib>
<forced_lib>_signal</forced_lib>
<forced_lib>_socket</forced_lib>
<forced_lib>_sre</forced_lib>
<forced_lib>_stat</forced_lib>
<forced_lib>_statistics</forced_lib>
<forced_lib>_string</forced_lib>
<forced_lib>_struct</forced_lib>
<forced_lib>_subprocess</forced_lib>
<forced_lib>_symtable</forced_lib>
<forced_lib>_thread</forced_lib>
<forced_lib>_tracemalloc</forced_lib>
<forced_lib>_warnings</forced_lib>
<forced_lib>_weakref</forced_lib>
<forced_lib>_winreg</forced_lib>
<forced_lib>array</forced_lib>
<forced_lib>atexit</forced_lib>
<forced_lib>audioop</forced_lib>
<forced_lib>binascii</forced_lib>
<forced_lib>builtins</forced_lib>
<forced_lib>cPickle</forced_lib>
<forced_lib>cStringIO</forced_lib>
<forced_lib>cmath</forced_lib>
<forced_lib>cv2</forced_lib>
<forced_lib>datetime</forced_lib>
<forced_lib>email</forced_lib>
<forced_lib>errno</forced_lib>
<forced_lib>exceptions</forced_lib>
<forced_lib>faulthandler</forced_lib>
<forced_lib>fcntl</forced_lib>
<forced_lib>future_builtins</forced_lib>
<forced_lib>gc</forced_lib>
<forced_lib>gi</forced_lib>
<forced_lib>grp</forced_lib>
<forced_lib>hashlib</forced_lib>
<forced_lib>imageop</forced_lib>
<forced_lib>imp</forced_lib>
<forced_lib>itertools</forced_lib>
<forced_lib>marshal</forced_lib>
<forced_lib>math</forced_lib>
<forced_lib>mmap</forced_lib>
<forced_lib>mock</forced_lib>
<forced_lib>msvcrt</forced_lib>
<forced_lib>multiprocessing</forced_lib>
<forced_lib>mutagen</forced_lib>
<forced_lib>nt</forced_lib>
<forced_lib>numpy</forced_lib>
<forced_lib>operator</forced_lib>
<forced_lib>os</forced_lib>
<forced_lib>os.path</forced_lib>
<forced_lib>parser</forced_lib>
<forced_lib>posix</forced_lib>
<forced_lib>pwd</forced_lib>
<forced_lib>py</forced_lib>
<forced_lib>pyexpat</forced_lib>
<forced_lib>pytest</forced_lib>
<forced_lib>random</forced_lib>
<forced_lib>re</forced_lib>
<forced_lib>scipy</forced_lib>
<forced_lib>select</forced_lib>
<forced_lib>signal</forced_lib>
<forced_lib>six</forced_lib>
<forced_lib>socket</forced_lib>
<forced_lib>spwd</forced_lib>
<forced_lib>ssl</forced_lib>
<forced_lib>strop</forced_lib>
<forced_lib>sys</forced_lib>
<forced_lib>syslog</forced_lib>
<forced_lib>thread</forced_lib>
<forced_lib>time</forced_lib>
<forced_lib>unicodedata</forced_lib>
<forced_lib>wx</forced_lib>
<forced_lib>wxPython</forced_lib>
<forced_lib>xxsubtype</forced_lib>
<forced_lib>zipimport</forced_lib>
<forced_lib>zlib</forced_lib>
<string_substitution_var><key>PY</key><value>310</value></string_substitution_var>
</xml>
- Ok, file is non-null. Getting info on:/bin/python3
- Beggining task:Getting libs totalWork:100
- Setting task name:Mounting executable string...
- Setting task name:Executing:  /bin/python3 -u /home/estudiante/.p2/pool/plugins/org.python.pydev.core_9.3.0.202203051235/pysrc/interpreterInfo.py
- Setting task name:Making pythonpath environment... /bin/python3 -u /home/estudiante/.p2/pool/plugins/org.python.pydev.core_9.3.0.202203051235/pysrc/interpreterInfo.py
- Setting task name:Making exec... /bin/python3 -u /home/estudiante/.p2/pool/plugins/org.python.pydev.core_9.3.0.202203051235/pysrc/interpreterInfo.py
- Setting task name:Reading output...
- Setting task name:Waiting for process to finish.
- Setting task name:Process finished.
- Success getting the info. Result:<xml>
<name>python</name>
<version>3.10</version>
<executable>/bin/python3</executable>
<lib>/usr/lib/python3.10</lib>
<lib>/usr/lib/python3.10/lib-dynload</lib>
<lib>/usr/local/lib/python3.10/dist-packages</lib>
<lib>/usr/lib/python3/dist-packages</lib>
<forced_lib>Image</forced_lib>
<forced_lib>OpenGL</forced_lib>
<forced_lib>_abc</forced_lib>
<forced_lib>_ast</forced_lib>
<forced_lib>_bisect</forced_lib>
<forced_lib>_blake2</forced_lib>
<forced_lib>_bytesio</forced_lib>
<forced_lib>_codecs</forced_lib>
<forced_lib>_codecs_cn</forced_lib>
<forced_lib>_codecs_hk</forced_lib>
<forced_lib>_codecs_iso2022</forced_lib>
<forced_lib>_codecs_jp</forced_lib>
<forced_lib>_codecs_kr</forced_lib>
<forced_lib>_codecs_tw</forced_lib>
<forced_lib>_collections</forced_lib>
<forced_lib>_csv</forced_lib>
<forced_lib>_datetime</forced_lib>
<forced_lib>_elementtree</forced_lib>
<forced_lib>_fileio</forced_lib>
<forced_lib>_functools</forced_lib>
<forced_lib>_heapq</forced_lib>
<forced_lib>_hotshot</forced_lib>
<forced_lib>_imp</forced_lib>
<forced_lib>_io</forced_lib>
<forced_lib>_json</forced_lib>
<forced_lib>_locale</forced_lib>
<forced_lib>_lsprof</forced_lib>
<forced_lib>_md5</forced_lib>
<forced_lib>_multibytecodec</forced_lib>
<forced_lib>_operator</forced_lib>
<forced_lib>_pickle</forced_lib>
<forced_lib>_posixsubprocess</forced_lib>
<forced_lib>_random</forced_lib>
<forced_lib>_sha</forced_lib>
<forced_lib>_sha1</forced_lib>
<forced_lib>_sha256</forced_lib>
<forced_lib>_sha3</forced_lib>
<forced_lib>_sha512</forced_lib>
<forced_lib>_signal</forced_lib>
<forced_lib>_socket</forced_lib>
<forced_lib>_sre</forced_lib>
<forced_lib>_stat</forced_lib>
<forced_lib>_statistics</forced_lib>
<forced_lib>_string</forced_lib>
<forced_lib>_struct</forced_lib>
<forced_lib>_subprocess</forced_lib>
<forced_lib>_symtable</forced_lib>
<forced_lib>_thread</forced_lib>
<forced_lib>_tracemalloc</forced_lib>
<forced_lib>_warnings</forced_lib>
<forced_lib>_weakref</forced_lib>
<forced_lib>_winreg</forced_lib>
<forced_lib>array</forced_lib>
<forced_lib>atexit</forced_lib>
<forced_lib>audioop</forced_lib>
<forced_lib>binascii</forced_lib>
<forced_lib>builtins</forced_lib>
<forced_lib>cPickle</forced_lib>
<forced_lib>cStringIO</forced_lib>
<forced_lib>cmath</forced_lib>
<forced_lib>cv2</forced_lib>
<forced_lib>datetime</forced_lib>
<forced_lib>email</forced_lib>
<forced_lib>errno</forced_lib>
<forced_lib>exceptions</forced_lib>
<forced_lib>faulthandler</forced_lib>
<forced_lib>fcntl</forced_lib>
<forced_lib>future_builtins</forced_lib>
<forced_lib>gc</forced_lib>
<forced_lib>gi</forced_lib>
<forced_lib>grp</forced_lib>
<forced_lib>hashlib</forced_lib>
<forced_lib>imageop</forced_lib>
<forced_lib>imp</forced_lib>
<forced_lib>itertools</forced_lib>
<forced_lib>marshal</forced_lib>
<forced_lib>math</forced_lib>
<forced_lib>mmap</forced_lib>
<forced_lib>mock</forced_lib>
<forced_lib>msvcrt</forced_lib>
<forced_lib>multiprocessing</forced_lib>
<forced_lib>mutagen</forced_lib>
<forced_lib>nt</forced_lib>
<forced_lib>numpy</forced_lib>
<forced_lib>operator</forced_lib>
<forced_lib>os</forced_lib>
<forced_lib>os.path</forced_lib>
<forced_lib>parser</forced_lib>
<forced_lib>posix</forced_lib>
<forced_lib>pwd</forced_lib>
<forced_lib>py</forced_lib>
<forced_lib>pyexpat</forced_lib>
<forced_lib>pytest</forced_lib>
<forced_lib>random</forced_lib>
<forced_lib>re</forced_lib>
<forced_lib>scipy</forced_lib>
<forced_lib>select</forced_lib>
<forced_lib>signal</forced_lib>
<forced_lib>six</forced_lib>
<forced_lib>socket</forced_lib>
<forced_lib>spwd</forced_lib>
<forced_lib>ssl</forced_lib>
<forced_lib>strop</forced_lib>
<forced_lib>sys</forced_lib>
<forced_lib>syslog</forced_lib>
<forced_lib>thread</forced_lib>
<forced_lib>time</forced_lib>
<forced_lib>unicodedata</forced_lib>
<forced_lib>wx</forced_lib>
<forced_lib>wxPython</forced_lib>
<forced_lib>xxsubtype</forced_lib>
<forced_lib>zipimport</forced_lib>
<forced_lib>zlib</forced_lib>
<string_substitution_var><key>PY</key><value>310</value></string_substitution_var>
</xml>
- Ok, file is non-null. Getting info on:/usr/bin/python3
- Beggining task:Getting libs totalWork:100
- Setting task name:Mounting executable string...
- Setting task name:Executing:  /usr/bin/python3 -u /home/estudiante/.p2/pool/plugins/org.python.pydev.core_9.3.0.202203051235/pysrc/interpreterInfo.py
- Setting task name:Making pythonpath environment... /usr/bin/python3 -u /home/estudiante/.p2/pool/plugins/org.python.pydev.core_9.3.0.202203051235/pysrc/interpreterInfo.py
- Setting task name:Making exec... /usr/bin/python3 -u /home/estudiante/.p2/pool/plugins/org.python.pydev.core_9.3.0.202203051235/pysrc/interpreterInfo.py
- Setting task name:Reading output...
- Setting task name:Waiting for process to finish.
- Setting task name:Process finished.
- Success getting the info. Result:<xml>
<name>python</name>
<version>3.10</version>
<executable>/usr/bin/python3</executable>
<lib>/usr/lib/python3.10</lib>
<lib>/usr/lib/python3.10/lib-dynload</lib>
<lib>/usr/local/lib/python3.10/dist-packages</lib>
<lib>/usr/lib/python3/dist-packages</lib>
<forced_lib>Image</forced_lib>
<forced_lib>OpenGL</forced_lib>
<forced_lib>_abc</forced_lib>
<forced_lib>_ast</forced_lib>
<forced_lib>_bisect</forced_lib>
<forced_lib>_blake2</forced_lib>
<forced_lib>_bytesio</forced_lib>
<forced_lib>_codecs</forced_lib>
<forced_lib>_codecs_cn</forced_lib>
<forced_lib>_codecs_hk</forced_lib>
<forced_lib>_codecs_iso2022</forced_lib>
<forced_lib>_codecs_jp</forced_lib>
<forced_lib>_codecs_kr</forced_lib>
<forced_lib>_codecs_tw</forced_lib>
<forced_lib>_collections</forced_lib>
<forced_lib>_csv</forced_lib>
<forced_lib>_datetime</forced_lib>
<forced_lib>_elementtree</forced_lib>
<forced_lib>_fileio</forced_lib>
<forced_lib>_functools</forced_lib>
<forced_lib>_heapq</forced_lib>
<forced_lib>_hotshot</forced_lib>
<forced_lib>_imp</forced_lib>
<forced_lib>_io</forced_lib>
<forced_lib>_json</forced_lib>
<forced_lib>_locale</forced_lib>
<forced_lib>_lsprof</forced_lib>
<forced_lib>_md5</forced_lib>
<forced_lib>_multibytecodec</forced_lib>
<forced_lib>_operator</forced_lib>
<forced_lib>_pickle</forced_lib>
<forced_lib>_posixsubprocess</forced_lib>
<forced_lib>_random</forced_lib>
<forced_lib>_sha</forced_lib>
<forced_lib>_sha1</forced_lib>
<forced_lib>_sha256</forced_lib>
<forced_lib>_sha3</forced_lib>
<forced_lib>_sha512</forced_lib>
<forced_lib>_signal</forced_lib>
<forced_lib>_socket</forced_lib>
<forced_lib>_sre</forced_lib>
<forced_lib>_stat</forced_lib>
<forced_lib>_statistics</forced_lib>
<forced_lib>_string</forced_lib>
<forced_lib>_struct</forced_lib>
<forced_lib>_subprocess</forced_lib>
<forced_lib>_symtable</forced_lib>
<forced_lib>_thread</forced_lib>
<forced_lib>_tracemalloc</forced_lib>
<forced_lib>_warnings</forced_lib>
<forced_lib>_weakref</forced_lib>
<forced_lib>_winreg</forced_lib>
<forced_lib>array</forced_lib>
<forced_lib>atexit</forced_lib>
<forced_lib>audioop</forced_lib>
<forced_lib>binascii</forced_lib>
<forced_lib>builtins</forced_lib>
<forced_lib>cPickle</forced_lib>
<forced_lib>cStringIO</forced_lib>
<forced_lib>cmath</forced_lib>
<forced_lib>cv2</forced_lib>
<forced_lib>datetime</forced_lib>
<forced_lib>email</forced_lib>
<forced_lib>errno</forced_lib>
<forced_lib>exceptions</forced_lib>
<forced_lib>faulthandler</forced_lib>
<forced_lib>fcntl</forced_lib>
<forced_lib>future_builtins</forced_lib>
<forced_lib>gc</forced_lib>
<forced_lib>gi</forced_lib>
<forced_lib>grp</forced_lib>
<forced_lib>hashlib</forced_lib>
<forced_lib>imageop</forced_lib>
<forced_lib>imp</forced_lib>
<forced_lib>itertools</forced_lib>
<forced_lib>marshal</forced_lib>
<forced_lib>math</forced_lib>
<forced_lib>mmap</forced_lib>
<forced_lib>mock</forced_lib>
<forced_lib>msvcrt</forced_lib>
<forced_lib>multiprocessing</forced_lib>
<forced_lib>mutagen</forced_lib>
<forced_lib>nt</forced_lib>
<forced_lib>numpy</forced_lib>
<forced_lib>operator</forced_lib>
<forced_lib>os</forced_lib>
<forced_lib>os.path</forced_lib>
<forced_lib>parser</forced_lib>
<forced_lib>posix</forced_lib>
<forced_lib>pwd</forced_lib>
<forced_lib>py</forced_lib>
<forced_lib>pyexpat</forced_lib>
<forced_lib>pytest</forced_lib>
<forced_lib>random</forced_lib>
<forced_lib>re</forced_lib>
<forced_lib>scipy</forced_lib>
<forced_lib>select</forced_lib>
<forced_lib>signal</forced_lib>
<forced_lib>six</forced_lib>
<forced_lib>socket</forced_lib>
<forced_lib>spwd</forced_lib>
<forced_lib>ssl</forced_lib>
<forced_lib>strop</forced_lib>
<forced_lib>sys</forced_lib>
<forced_lib>syslog</forced_lib>
<forced_lib>thread</forced_lib>
<forced_lib>time</forced_lib>
<forced_lib>unicodedata</forced_lib>
<forced_lib>wx</forced_lib>
<forced_lib>wxPython</forced_lib>
<forced_lib>xxsubtype</forced_lib>
<forced_lib>zipimport</forced_lib>
<forced_lib>zlib</forced_lib>
<string_substitution_var><key>PY</key><value>310</value></string_substitution_var>
</xml>

	at org.python.pydev.core.log.Log.logInfo(Log.java:45)
	at org.python.pydev.ui.pythonpathconf.AutoConfigMaker.applyOperation(AutoConfigMaker.java:191)
	at org.python.pydev.ui.pythonpathconf.AutoConfigMaker.autoConfigSingleApply(AutoConfigMaker.java:128)
	at org.python.pydev.ui.PyProjectPythonDetails$ProjectInterpreterAndGrammarConfig$2.widgetSelected(PyProjectPythonDetails.java:326)
	at org.eclipse.swt.widgets.TypedListener.handleEvent(TypedListener.java:252)
	at org.eclipse.swt.widgets.EventTable.sendEvent(EventTable.java:89)
	at org.eclipse.swt.widgets.Display.sendEvent(Display.java:5895)
	at org.eclipse.swt.widgets.Widget.sendEvent(Widget.java:1520)
	at org.eclipse.swt.widgets.Widget.sendEvent(Widget.java:1546)
	at org.eclipse.swt.widgets.Widget.sendSelectionEvent(Widget.java:1691)
	at org.eclipse.swt.widgets.Link.gtk_button_release_event(Link.java:432)
	at org.eclipse.swt.widgets.Widget.windowProc(Widget.java:2399)
	at org.eclipse.swt.widgets.Control.windowProc(Control.java:6834)
	at org.eclipse.swt.widgets.Display.windowProc(Display.java:6210)
	at org.eclipse.swt.internal.gtk3.GTK3.gtk_main_do_event(Native Method)
	at org.eclipse.swt.widgets.Display.eventProc(Display.java:1565)
	at org.eclipse.swt.internal.gtk3.GTK3.gtk_main_iteration_do(Native Method)
	at org.eclipse.swt.widgets.Display.readAndDispatch(Display.java:4578)
	at org.eclipse.jface.window.Window.runEventLoop(Window.java:823)
	at org.eclipse.jface.window.Window.open(Window.java:799)
	at org.eclipse.ui.actions.NewProjectAction.run(NewProjectAction.java:119)
	at org.eclipse.jface.action.Action.runWithEvent(Action.java:474)
	at org.eclipse.jface.action.ActionContributionItem.handleWidgetSelection(ActionContributionItem.java:580)
	at org.eclipse.jface.action.ActionContributionItem.lambda$4(ActionContributionItem.java:414)
	at org.eclipse.swt.widgets.EventTable.sendEvent(EventTable.java:89)
	at org.eclipse.swt.widgets.Display.sendEvent(Display.java:5895)
	at org.eclipse.swt.widgets.Widget.sendEvent(Widget.java:1520)
	at org.eclipse.swt.widgets.Display.runDeferredEvents(Display.java:5126)
	at org.eclipse.swt.widgets.Display.readAndDispatch(Display.java:4581)
	at org.eclipse.e4.ui.internal.workbench.swt.PartRenderingEngine$5.run(PartRenderingEngine.java:1155)
	at org.eclipse.core.databinding.observable.Realm.runWithDefault(Realm.java:338)
	at org.eclipse.e4.ui.internal.workbench.swt.PartRenderingEngine.run(PartRenderingEngine.java:1046)
	at org.eclipse.e4.ui.internal.workbench.E4Workbench.createAndRunUI(E4Workbench.java:155)
	at org.eclipse.ui.internal.Workbench.lambda$3(Workbench.java:644)
	at org.eclipse.core.databinding.observable.Realm.runWithDefault(Realm.java:338)
	at org.eclipse.ui.internal.Workbench.createAndRunWorkbench(Workbench.java:551)
	at org.eclipse.ui.PlatformUI.createAndRunWorkbench(PlatformUI.java:156)
	at org.eclipse.ui.internal.ide.application.IDEApplication.start(IDEApplication.java:152)
	at org.eclipse.equinox.internal.app.EclipseAppHandle.run(EclipseAppHandle.java:203)
	at org.eclipse.core.runtime.internal.adaptor.EclipseAppLauncher.runApplication(EclipseAppLauncher.java:136)
	at org.eclipse.core.runtime.internal.adaptor.EclipseAppLauncher.start(EclipseAppLauncher.java:104)
	at org.eclipse.core.runtime.adaptor.EclipseStarter.run(EclipseStarter.java:401)
	at org.eclipse.core.runtime.adaptor.EclipseStarter.run(EclipseStarter.java:255)
	at java.base/jdk.internal.reflect.NativeMethodAccessorImpl.invoke0(Native Method)
	at java.base/jdk.internal.reflect.NativeMethodAccessorImpl.invoke(NativeMethodAccessorImpl.java:62)
	at java.base/jdk.internal.reflect.DelegatingMethodAccessorImpl.invoke(DelegatingMethodAccessorImpl.java:43)
	at java.base/java.lang.reflect.Method.invoke(Method.java:566)
	at org.eclipse.equinox.launcher.Main.invokeFramework(Main.java:659)
	at org.eclipse.equinox.launcher.Main.basicRun(Main.java:596)
	at org.eclipse.equinox.launcher.Main.run(Main.java:1467)
	at org.eclipse.equinox.launcher.Main.main(Main.java:1440)

!ENTRY org.python.pydev.shared_core 1 1 2022-11-17 10:41:19.119
!MESSAGE Restoring info for: /usr/bin/python3
!STACK 0
java.lang.RuntimeException: Restoring info for: /usr/bin/python3
	at org.python.pydev.ast.interpreter_managers.AbstractInterpreterManager.getInterpretersFromPersistedString(AbstractInterpreterManager.java:461)
	at org.python.pydev.ast.interpreter_managers.AbstractInterpreterManager.internalRecreateCacheGetInterpreterInfos(AbstractInterpreterManager.java:287)
	at org.python.pydev.ast.interpreter_managers.AbstractInterpreterManager.setInfos(AbstractInterpreterManager.java:584)
	at org.python.pydev.ui.pythonpathconf.AutoConfigMaker$1.run(AutoConfigMaker.java:152)
	at org.eclipse.core.internal.jobs.Worker.run(Worker.java:63)
Caused by: java.io.IOException: Expecting: /home/estudiante/Documents/Programacion/.metadata/.plugins/org.python.pydev/v1_eqo8on6m6qtijnz6835bycxw5/modulesKeys to exist (and be a file).
	at org.python.pydev.ast.codecompletion.revisited.ModulesManager.loadFromFile(ModulesManager.java:330)
	at org.python.pydev.ast.codecompletion.revisited.SystemModulesManager.load(SystemModulesManager.java:443)
	at org.python.pydev.ast.interpreter_managers.AbstractInterpreterManager.getInterpretersFromPersistedString(AbstractInterpreterManager.java:459)
	... 4 more

!ENTRY org.python.pydev.shared_core 1 1 2022-11-17 10:41:19.321
!MESSAGE Finished restoring information for: /usr/bin/python3 at: /home/estudiante/Documents/Programacion/.metadata/.plugins/org.python.pydev/v1_eqo8on6m6qtijnz6835bycxw5
!STACK 0
java.lang.RuntimeException: Finished restoring information for: /usr/bin/python3 at: /home/estudiante/Documents/Programacion/.metadata/.plugins/org.python.pydev/v1_eqo8on6m6qtijnz6835bycxw5
	at org.python.pydev.core.log.Log.logInfo(Log.java:45)
	at org.python.pydev.ast.interpreter_managers.AbstractInterpreterManager.getInterpretersFromPersistedString(AbstractInterpreterManager.java:506)
	at org.python.pydev.ast.interpreter_managers.AbstractInterpreterManager.internalRecreateCacheGetInterpreterInfos(AbstractInterpreterManager.java:287)
	at org.python.pydev.ast.interpreter_managers.AbstractInterpreterManager.setInfos(AbstractInterpreterManager.java:584)
	at org.python.pydev.ui.pythonpathconf.AutoConfigMaker$1.run(AutoConfigMaker.java:152)
	at org.eclipse.core.internal.jobs.Worker.run(Worker.java:63)

!ENTRY org.python.pydev.shared_core 4 4 2022-11-17 10:41:19.436
!MESSAGE Info: Rebuilding internal caches: /home/estudiante/Documents/Programacion/.metadata/.plugins/com.python.pydev.analysis/python_v1_eqo8on6m6qtijnz6835bycxw5/python.pydevsysteminfo (Expected error to be provided and got no error!)

!ENTRY org.python.pydev.shared_core 4 4 2022-11-17 10:41:23.865
!MESSAGE Info: Rebuilding internal caches: /home/estudiante/Documents/Programacion/.metadata/.plugins/org.eclipse.core.resources/.projects/ProgramacionModular/com.python.pydev.analysis/AdditionalProjectInterpreterInfo.pydevinfo (Expected error to be provided and got no error!)

!ENTRY org.python.pydev.shared_core 1 1 2022-11-17 10:50:23.788
!MESSAGE No existing console history at: /home/estudiante/Documents/Programacion/.metadata/.plugins/org.python.pydev.shared_interactive_console/history.py
!STACK 0
java.io.FileNotFoundException: /home/estudiante/Documents/Programacion/.metadata/.plugins/org.python.pydev.shared_interactive_console/history.py (No such file or directory)
	at java.base/java.io.FileInputStream.open0(Native Method)
	at java.base/java.io.FileInputStream.open(FileInputStream.java:219)
	at java.base/java.io.FileInputStream.<init>(FileInputStream.java:157)
	at java.base/java.io.FileReader.<init>(FileReader.java:75)
	at org.python.pydev.shared_interactive_console.console.ScriptConsoleGlobalHistory.load(ScriptConsoleGlobalHistory.java:96)
	at org.python.pydev.shared_interactive_console.console.ScriptConsoleGlobalHistory.<init>(ScriptConsoleGlobalHistory.java:45)
	at org.python.pydev.shared_interactive_console.console.ScriptConsoleGlobalHistory.<clinit>(ScriptConsoleGlobalHistory.java:37)
	at org.python.pydev.shared_interactive_console.console.ScriptConsoleHistory.<init>(ScriptConsoleHistory.java:56)
	at org.python.pydev.shared_interactive_console.console.ui.ScriptConsole.<init>(ScriptConsole.java:210)
	at org.python.pydev.debug.newconsole.PydevConsole.<init>(PydevConsole.java:84)
	at org.python.pydev.debug.newconsole.PydevConsoleFactory.connectDebugger(PydevConsoleFactory.java:170)
	at org.python.pydev.debug.newconsole.PydevConsoleFactory$1.run(PydevConsoleFactory.java:94)
	at org.eclipse.core.internal.jobs.Worker.run(Worker.java:63)

!ENTRY org.python.pydev.shared_core 4 4 2022-11-17 10:52:52.983
!MESSAGE Did not expect to find item below node: Assign[targets=[Name[id=segunda, ctx=Store, reserved=false]], value=null, type=null] (module: ProgramacionModular.ProgramacionModular file: /home/estudiante/Documents/Programacion/ProgramacionModular/src/ProgramacionModular/ProgramacionModular.py row: 287).
!STACK 0
java.lang.RuntimeException: Did not expect to find item below node: Assign[targets=[Name[id=segunda, ctx=Store, reserved=false]], value=null, type=null] (module: ProgramacionModular.ProgramacionModular file: /home/estudiante/Documents/Programacion/ProgramacionModular/src/ProgramacionModular/ProgramacionModular.py row: 287).
	at org.python.pydev.core.log.Log.log(Log.java:33)
	at org.python.pydev.parser.fastparser.FastDefinitionsParser.endScopesInStack(FastDefinitionsParser.java:631)
	at org.python.pydev.parser.fastparser.FastDefinitionsParser.handleNewLine(FastDefinitionsParser.java:415)
	at org.python.pydev.parser.fastparser.FastDefinitionsParser.extractBody(FastDefinitionsParser.java:259)
	at org.python.pydev.parser.fastparser.FastDefinitionsParser.parse(FastDefinitionsParser.java:698)
	at org.python.pydev.parser.fastparser.FastDefinitionsParser.parse(FastDefinitionsParser.java:692)
	at org.python.pydev.parser.fastparser.FastDefinitionsParser.parse(FastDefinitionsParser.java:683)
	at com.python.pydev.analysis.additionalinfo.builders.AnalysisBuilderVisitor$1.call(AnalysisBuilderVisitor.java:122)
	at com.python.pydev.analysis.additionalinfo.builders.AnalysisBuilderVisitor$1.call(AnalysisBuilderVisitor.java:1)
	at com.python.pydev.analysis.additionalinfo.builders.AnalysisBuilderRunnable.<init>(AnalysisBuilderRunnable.java:199)
	at com.python.pydev.analysis.additionalinfo.builders.AnalysisBuilderRunnableFactory.createRunnable(AnalysisBuilderRunnableFactory.java:227)
	at com.python.pydev.analysis.additionalinfo.builders.AnalysisBuilderVisitor.doVisitChangedResource(AnalysisBuilderVisitor.java:248)
	at com.python.pydev.analysis.additionalinfo.builders.AnalysisBuilderVisitor.doVisitChangedResource(AnalysisBuilderVisitor.java:196)
	at com.python.pydev.analysis.additionalinfo.builders.AnalysisBuilderVisitor.visitChangedResource(AnalysisBuilderVisitor.java:137)
	at com.python.pydev.analysis.additionalinfo.builders.AnalysisBuilderVisitor.visitChangedResource(AnalysisBuilderVisitor.java:49)
	at org.python.pydev.ast.builder.PydevGrouperVisitor.visitWith(PydevGrouperVisitor.java:115)
	at org.python.pydev.ast.builder.PydevGrouperVisitor.visitChangedResource(PydevGrouperVisitor.java:166)
	at org.python.pydev.ast.builder.PydevGrouperVisitor.finishDelayedVisits(PydevGrouperVisitor.java:190)
	at org.python.pydev.ast.builder.PyDevBuilder.build(PyDevBuilder.java:130)
	at org.eclipse.core.internal.events.BuildManager$2.run(BuildManager.java:860)
	at org.eclipse.core.runtime.SafeRunner.run(SafeRunner.java:45)
	at org.eclipse.core.internal.events.BuildManager.basicBuild(BuildManager.java:232)
	at org.eclipse.core.internal.events.BuildManager.basicBuild(BuildManager.java:281)
	at org.eclipse.core.internal.events.BuildManager$1.run(BuildManager.java:334)
	at org.eclipse.core.runtime.SafeRunner.run(SafeRunner.java:45)
	at org.eclipse.core.internal.events.BuildManager.basicBuild(BuildManager.java:337)
	at org.eclipse.core.internal.events.BuildManager.basicBuildLoop(BuildManager.java:392)
	at org.eclipse.core.internal.events.BuildManager.build(BuildManager.java:417)
	at org.eclipse.core.internal.events.AutoBuildJob.doBuild(AutoBuildJob.java:161)
	at org.eclipse.core.internal.events.AutoBuildJob.run(AutoBuildJob.java:255)
	at org.eclipse.core.internal.jobs.Worker.run(Worker.java:63)

!ENTRY org.python.pydev.shared_core 4 4 2022-11-17 10:52:52.986
!MESSAGE Did not expect to find item below node: Assign[targets=[Name[id=segunda, ctx=Store, reserved=false]], value=null, type=null] (module: ProgramacionModular.ProgramacionModular file: /home/estudiante/Documents/Programacion/ProgramacionModular/src/ProgramacionModular/ProgramacionModular.py row: 295).
!STACK 0
java.lang.RuntimeException: Did not expect to find item below node: Assign[targets=[Name[id=segunda, ctx=Store, reserved=false]], value=null, type=null] (module: ProgramacionModular.ProgramacionModular file: /home/estudiante/Documents/Programacion/ProgramacionModular/src/ProgramacionModular/ProgramacionModular.py row: 295).
	at org.python.pydev.core.log.Log.log(Log.java:33)
	at org.python.pydev.parser.fastparser.FastDefinitionsParser.endScopesInStack(FastDefinitionsParser.java:631)
	at org.python.pydev.parser.fastparser.FastDefinitionsParser.handleNewLine(FastDefinitionsParser.java:415)
	at org.python.pydev.parser.fastparser.FastDefinitionsParser.extractBody(FastDefinitionsParser.java:259)
	at org.python.pydev.parser.fastparser.FastDefinitionsParser.parse(FastDefinitionsParser.java:698)
	at org.python.pydev.parser.fastparser.FastDefinitionsParser.parse(FastDefinitionsParser.java:692)
	at org.python.pydev.parser.fastparser.FastDefinitionsParser.parse(FastDefinitionsParser.java:683)
	at com.python.pydev.analysis.additionalinfo.builders.AnalysisBuilderVisitor$1.call(AnalysisBuilderVisitor.java:122)
	at com.python.pydev.analysis.additionalinfo.builders.AnalysisBuilderVisitor$1.call(AnalysisBuilderVisitor.java:1)
	at com.python.pydev.analysis.additionalinfo.builders.AnalysisBuilderRunnable.<init>(AnalysisBuilderRunnable.java:199)
	at com.python.pydev.analysis.additionalinfo.builders.AnalysisBuilderRunnableFactory.createRunnable(AnalysisBuilderRunnableFactory.java:227)
	at com.python.pydev.analysis.additionalinfo.builders.AnalysisBuilderVisitor.doVisitChangedResource(AnalysisBuilderVisitor.java:248)
	at com.python.pydev.analysis.additionalinfo.builders.AnalysisBuilderVisitor.doVisitChangedResource(AnalysisBuilderVisitor.java:196)
	at com.python.pydev.analysis.additionalinfo.builders.AnalysisBuilderVisitor.visitChangedResource(AnalysisBuilderVisitor.java:137)
	at com.python.pydev.analysis.additionalinfo.builders.AnalysisBuilderVisitor.visitChangedResource(AnalysisBuilderVisitor.java:49)
	at org.python.pydev.ast.builder.PydevGrouperVisitor.visitWith(PydevGrouperVisitor.java:115)
	at org.python.pydev.ast.builder.PydevGrouperVisitor.visitChangedResource(PydevGrouperVisitor.java:166)
	at org.python.pydev.ast.builder.PydevGrouperVisitor.finishDelayedVisits(PydevGrouperVisitor.java:190)
	at org.python.pydev.ast.builder.PyDevBuilder.build(PyDevBuilder.java:130)
	at org.eclipse.core.internal.events.BuildManager$2.run(BuildManager.java:860)
	at org.eclipse.core.runtime.SafeRunner.run(SafeRunner.java:45)
	at org.eclipse.core.internal.events.BuildManager.basicBuild(BuildManager.java:232)
	at org.eclipse.core.internal.events.BuildManager.basicBuild(BuildManager.java:281)
	at org.eclipse.core.internal.events.BuildManager$1.run(BuildManager.java:334)
	at org.eclipse.core.runtime.SafeRunner.run(SafeRunner.java:45)
	at org.eclipse.core.internal.events.BuildManager.basicBuild(BuildManager.java:337)
	at org.eclipse.core.internal.events.BuildManager.basicBuildLoop(BuildManager.java:392)
	at org.eclipse.core.internal.events.BuildManager.build(BuildManager.java:417)
	at org.eclipse.core.internal.events.AutoBuildJob.doBuild(AutoBuildJob.java:161)
	at org.eclipse.core.internal.events.AutoBuildJob.run(AutoBuildJob.java:255)
	at org.eclipse.core.internal.jobs.Worker.run(Worker.java:63)

!ENTRY org.python.pydev.shared_core 4 4 2022-11-17 10:52:52.987
!MESSAGE Did not expect to find item below node: Assign[targets=[Name[id=segunda, ctx=Store, reserved=false]], value=null, type=null] (module: ProgramacionModular.ProgramacionModular file: /home/estudiante/Documents/Programacion/ProgramacionModular/src/ProgramacionModular/ProgramacionModular.py row: 301).
!STACK 0
java.lang.RuntimeException: Did not expect to find item below node: Assign[targets=[Name[id=segunda, ctx=Store, reserved=false]], value=null, type=null] (module: ProgramacionModular.ProgramacionModular file: /home/estudiante/Documents/Programacion/ProgramacionModular/src/ProgramacionModular/ProgramacionModular.py row: 301).
	at org.python.pydev.core.log.Log.log(Log.java:33)
	at org.python.pydev.parser.fastparser.FastDefinitionsParser.endScopesInStack(FastDefinitionsParser.java:631)
	at org.python.pydev.parser.fastparser.FastDefinitionsParser.handleNewLine(FastDefinitionsParser.java:415)
	at org.python.pydev.parser.fastparser.FastDefinitionsParser.extractBody(FastDefinitionsParser.java:259)
	at org.python.pydev.parser.fastparser.FastDefinitionsParser.parse(FastDefinitionsParser.java:698)
	at org.python.pydev.parser.fastparser.FastDefinitionsParser.parse(FastDefinitionsParser.java:692)
	at org.python.pydev.parser.fastparser.FastDefinitionsParser.parse(FastDefinitionsParser.java:683)
	at com.python.pydev.analysis.additionalinfo.builders.AnalysisBuilderVisitor$1.call(AnalysisBuilderVisitor.java:122)
	at com.python.pydev.analysis.additionalinfo.builders.AnalysisBuilderVisitor$1.call(AnalysisBuilderVisitor.java:1)
	at com.python.pydev.analysis.additionalinfo.builders.AnalysisBuilderRunnable.<init>(AnalysisBuilderRunnable.java:199)
	at com.python.pydev.analysis.additionalinfo.builders.AnalysisBuilderRunnableFactory.createRunnable(AnalysisBuilderRunnableFactory.java:227)
	at com.python.pydev.analysis.additionalinfo.builders.AnalysisBuilderVisitor.doVisitChangedResource(AnalysisBuilderVisitor.java:248)
	at com.python.pydev.analysis.additionalinfo.builders.AnalysisBuilderVisitor.doVisitChangedResource(AnalysisBuilderVisitor.java:196)
	at com.python.pydev.analysis.additionalinfo.builders.AnalysisBuilderVisitor.visitChangedResource(AnalysisBuilderVisitor.java:137)
	at com.python.pydev.analysis.additionalinfo.builders.AnalysisBuilderVisitor.visitChangedResource(AnalysisBuilderVisitor.java:49)
	at org.python.pydev.ast.builder.PydevGrouperVisitor.visitWith(PydevGrouperVisitor.java:115)
	at org.python.pydev.ast.builder.PydevGrouperVisitor.visitChangedResource(PydevGrouperVisitor.java:166)
	at org.python.pydev.ast.builder.PydevGrouperVisitor.finishDelayedVisits(PydevGrouperVisitor.java:190)
	at org.python.pydev.ast.builder.PyDevBuilder.build(PyDevBuilder.java:130)
	at org.eclipse.core.internal.events.BuildManager$2.run(BuildManager.java:860)
	at org.eclipse.core.runtime.SafeRunner.run(SafeRunner.java:45)
	at org.eclipse.core.internal.events.BuildManager.basicBuild(BuildManager.java:232)
	at org.eclipse.core.internal.events.BuildManager.basicBuild(BuildManager.java:281)
	at org.eclipse.core.internal.events.BuildManager$1.run(BuildManager.java:334)
	at org.eclipse.core.runtime.SafeRunner.run(SafeRunner.java:45)
	at org.eclipse.core.internal.events.BuildManager.basicBuild(BuildManager.java:337)
	at org.eclipse.core.internal.events.BuildManager.basicBuildLoop(BuildManager.java:392)
	at org.eclipse.core.internal.events.BuildManager.build(BuildManager.java:417)
	at org.eclipse.core.internal.events.AutoBuildJob.doBuild(AutoBuildJob.java:161)
	at org.eclipse.core.internal.events.AutoBuildJob.run(AutoBuildJob.java:255)
	at org.eclipse.core.internal.jobs.Worker.run(Worker.java:63)

!ENTRY org.python.pydev.shared_core 4 4 2022-11-17 10:52:52.988
!MESSAGE Did not expect to find item below node: Assign[targets=[Name[id=segunda, ctx=Store, reserved=false]], value=null, type=null] (module: ProgramacionModular.ProgramacionModular file: /home/estudiante/Documents/Programacion/ProgramacionModular/src/ProgramacionModular/ProgramacionModular.py row: 307).
!STACK 0
java.lang.RuntimeException: Did not expect to find item below node: Assign[targets=[Name[id=segunda, ctx=Store, reserved=false]], value=null, type=null] (module: ProgramacionModular.ProgramacionModular file: /home/estudiante/Documents/Programacion/ProgramacionModular/src/ProgramacionModular/ProgramacionModular.py row: 307).
	at org.python.pydev.core.log.Log.log(Log.java:33)
	at org.python.pydev.parser.fastparser.FastDefinitionsParser.endScopesInStack(FastDefinitionsParser.java:631)
	at org.python.pydev.parser.fastparser.FastDefinitionsParser.handleNewLine(FastDefinitionsParser.java:415)
	at org.python.pydev.parser.fastparser.FastDefinitionsParser.extractBody(FastDefinitionsParser.java:259)
	at org.python.pydev.parser.fastparser.FastDefinitionsParser.parse(FastDefinitionsParser.java:698)
	at org.python.pydev.parser.fastparser.FastDefinitionsParser.parse(FastDefinitionsParser.java:692)
	at org.python.pydev.parser.fastparser.FastDefinitionsParser.parse(FastDefinitionsParser.java:683)
	at com.python.pydev.analysis.additionalinfo.builders.AnalysisBuilderVisitor$1.call(AnalysisBuilderVisitor.java:122)
	at com.python.pydev.analysis.additionalinfo.builders.AnalysisBuilderVisitor$1.call(AnalysisBuilderVisitor.java:1)
	at com.python.pydev.analysis.additionalinfo.builders.AnalysisBuilderRunnable.<init>(AnalysisBuilderRunnable.java:199)
	at com.python.pydev.analysis.additionalinfo.builders.AnalysisBuilderRunnableFactory.createRunnable(AnalysisBuilderRunnableFactory.java:227)
	at com.python.pydev.analysis.additionalinfo.builders.AnalysisBuilderVisitor.doVisitChangedResource(AnalysisBuilderVisitor.java:248)
	at com.python.pydev.analysis.additionalinfo.builders.AnalysisBuilderVisitor.doVisitChangedResource(AnalysisBuilderVisitor.java:196)
	at com.python.pydev.analysis.additionalinfo.builders.AnalysisBuilderVisitor.visitChangedResource(AnalysisBuilderVisitor.java:137)
	at com.python.pydev.analysis.additionalinfo.builders.AnalysisBuilderVisitor.visitChangedResource(AnalysisBuilderVisitor.java:49)
	at org.python.pydev.ast.builder.PydevGrouperVisitor.visitWith(PydevGrouperVisitor.java:115)
	at org.python.pydev.ast.builder.PydevGrouperVisitor.visitChangedResource(PydevGrouperVisitor.java:166)
	at org.python.pydev.ast.builder.PydevGrouperVisitor.finishDelayedVisits(PydevGrouperVisitor.java:190)
	at org.python.pydev.ast.builder.PyDevBuilder.build(PyDevBuilder.java:130)
	at org.eclipse.core.internal.events.BuildManager$2.run(BuildManager.java:860)
	at org.eclipse.core.runtime.SafeRunner.run(SafeRunner.java:45)
	at org.eclipse.core.internal.events.BuildManager.basicBuild(BuildManager.java:232)
	at org.eclipse.core.internal.events.BuildManager.basicBuild(BuildManager.java:281)
	at org.eclipse.core.internal.events.BuildManager$1.run(BuildManager.java:334)
	at org.eclipse.core.runtime.SafeRunner.run(SafeRunner.java:45)
	at org.eclipse.core.internal.events.BuildManager.basicBuild(BuildManager.java:337)
	at org.eclipse.core.internal.events.BuildManager.basicBuildLoop(BuildManager.java:392)
	at org.eclipse.core.internal.events.BuildManager.build(BuildManager.java:417)
	at org.eclipse.core.internal.events.AutoBuildJob.doBuild(AutoBuildJob.java:161)
	at org.eclipse.core.internal.events.AutoBuildJob.run(AutoBuildJob.java:255)
	at org.eclipse.core.internal.jobs.Worker.run(Worker.java:63)

!ENTRY org.eclipse.ui 4 0 2022-11-17 10:53:14.722
!MESSAGE Unhandled event loop exception
!STACK 0
org.eclipse.swt.SWTException: Widget is disposed
	at org.eclipse.swt.SWT.error(SWT.java:4918)
	at org.eclipse.swt.SWT.error(SWT.java:4833)
	at org.eclipse.swt.SWT.error(SWT.java:4804)
	at org.eclipse.swt.widgets.Widget.error(Widget.java:565)
	at org.eclipse.swt.widgets.Widget.checkWidget(Widget.java:480)
	at org.eclipse.swt.custom.StyledText.getWordWrap(StyledText.java:5656)
	at org.python.pydev.shared_interactive_console.console.ui.internal.actions.WordWrapAction.update(WordWrapAction.java:31)
	at org.python.pydev.shared_interactive_console.console.ui.internal.actions.WordWrapAction.<init>(WordWrapAction.java:20)
	at org.python.pydev.shared_interactive_console.console.ui.internal.ScriptConsolePage.createActions(ScriptConsolePage.java:92)
	at org.eclipse.ui.console.TextConsolePage.createControl(TextConsolePage.java:163)
	at org.eclipse.ui.internal.console.ConsoleView.doCreatePage(ConsoleView.java:328)
	at org.eclipse.ui.part.PageBookView.createPage(PageBookView.java:369)
	at org.eclipse.ui.part.PageBookView.partActivated(PageBookView.java:696)
	at org.eclipse.ui.internal.console.ConsoleView.lambda$0(ConsoleView.java:412)
	at org.eclipse.swt.widgets.RunnableLock.run(RunnableLock.java:40)
	at org.eclipse.swt.widgets.Synchronizer.runAsyncMessages(Synchronizer.java:185)
	at org.eclipse.swt.widgets.Display.runAsyncMessages(Display.java:5101)
	at org.eclipse.swt.widgets.Display.readAndDispatch(Display.java:4584)
	at org.eclipse.e4.ui.internal.workbench.swt.PartRenderingEngine$5.run(PartRenderingEngine.java:1155)
	at org.eclipse.core.databinding.observable.Realm.runWithDefault(Realm.java:338)
	at org.eclipse.e4.ui.internal.workbench.swt.PartRenderingEngine.run(PartRenderingEngine.java:1046)
	at org.eclipse.e4.ui.internal.workbench.E4Workbench.createAndRunUI(E4Workbench.java:155)
	at org.eclipse.ui.internal.Workbench.lambda$3(Workbench.java:644)
	at org.eclipse.core.databinding.observable.Realm.runWithDefault(Realm.java:338)
	at org.eclipse.ui.internal.Workbench.createAndRunWorkbench(Workbench.java:551)
	at org.eclipse.ui.PlatformUI.createAndRunWorkbench(PlatformUI.java:156)
	at org.eclipse.ui.internal.ide.application.IDEApplication.start(IDEApplication.java:152)
	at org.eclipse.equinox.internal.app.EclipseAppHandle.run(EclipseAppHandle.java:203)
	at org.eclipse.core.runtime.internal.adaptor.EclipseAppLauncher.runApplication(EclipseAppLauncher.java:136)
	at org.eclipse.core.runtime.internal.adaptor.EclipseAppLauncher.start(EclipseAppLauncher.java:104)
	at org.eclipse.core.runtime.adaptor.EclipseStarter.run(EclipseStarter.java:401)
	at org.eclipse.core.runtime.adaptor.EclipseStarter.run(EclipseStarter.java:255)
	at java.base/jdk.internal.reflect.NativeMethodAccessorImpl.invoke0(Native Method)
	at java.base/jdk.internal.reflect.NativeMethodAccessorImpl.invoke(NativeMethodAccessorImpl.java:62)
	at java.base/jdk.internal.reflect.DelegatingMethodAccessorImpl.invoke(DelegatingMethodAccessorImpl.java:43)
	at java.base/java.lang.reflect.Method.invoke(Method.java:566)
	at org.eclipse.equinox.launcher.Main.invokeFramework(Main.java:659)
	at org.eclipse.equinox.launcher.Main.basicRun(Main.java:596)
	at org.eclipse.equinox.launcher.Main.run(Main.java:1467)
	at org.eclipse.equinox.launcher.Main.main(Main.java:1440)

!ENTRY org.eclipse.ui 4 0 2022-11-17 10:53:16.865
!MESSAGE Unhandled event loop exception
!STACK 0
org.eclipse.swt.SWTException: Widget is disposed
	at org.eclipse.swt.SWT.error(SWT.java:4918)
	at org.eclipse.swt.SWT.error(SWT.java:4833)
	at org.eclipse.swt.SWT.error(SWT.java:4804)
	at org.eclipse.swt.widgets.Widget.error(Widget.java:565)
	at org.eclipse.swt.widgets.Widget.checkWidget(Widget.java:480)
	at org.eclipse.swt.custom.StyledText.getWordWrap(StyledText.java:5656)
	at org.python.pydev.shared_interactive_console.console.ui.internal.actions.WordWrapAction.update(WordWrapAction.java:31)
	at org.python.pydev.shared_interactive_console.console.ui.internal.actions.WordWrapAction.<init>(WordWrapAction.java:20)
	at org.python.pydev.shared_interactive_console.console.ui.internal.ScriptConsolePage.createActions(ScriptConsolePage.java:92)
	at org.eclipse.ui.console.TextConsolePage.createControl(TextConsolePage.java:163)
	at org.eclipse.ui.internal.console.ConsoleView.doCreatePage(ConsoleView.java:328)
	at org.eclipse.ui.part.PageBookView.createPage(PageBookView.java:369)
	at org.eclipse.ui.part.PageBookView.partActivated(PageBookView.java:696)
	at org.eclipse.ui.internal.console.ConsoleView.display(ConsoleView.java:513)
	at org.eclipse.ui.internal.console.ConsoleView.lambda$1(ConsoleView.java:437)
	at org.eclipse.swt.widgets.RunnableLock.run(RunnableLock.java:40)
	at org.eclipse.swt.widgets.Synchronizer.runAsyncMessages(Synchronizer.java:185)
	at org.eclipse.swt.widgets.Display.runAsyncMessages(Display.java:5101)
	at org.eclipse.swt.widgets.Display.readAndDispatch(Display.java:4584)
	at org.eclipse.e4.ui.internal.workbench.swt.PartRenderingEngine$5.run(PartRenderingEngine.java:1155)
	at org.eclipse.core.databinding.observable.Realm.runWithDefault(Realm.java:338)
	at org.eclipse.e4.ui.internal.workbench.swt.PartRenderingEngine.run(PartRenderingEngine.java:1046)
	at org.eclipse.e4.ui.internal.workbench.E4Workbench.createAndRunUI(E4Workbench.java:155)
	at org.eclipse.ui.internal.Workbench.lambda$3(Workbench.java:644)
	at org.eclipse.core.databinding.observable.Realm.runWithDefault(Realm.java:338)
	at org.eclipse.ui.internal.Workbench.createAndRunWorkbench(Workbench.java:551)
	at org.eclipse.ui.PlatformUI.createAndRunWorkbench(PlatformUI.java:156)
	at org.eclipse.ui.internal.ide.application.IDEApplication.start(IDEApplication.java:152)
	at org.eclipse.equinox.internal.app.EclipseAppHandle.run(EclipseAppHandle.java:203)
	at org.eclipse.core.runtime.internal.adaptor.EclipseAppLauncher.runApplication(EclipseAppLauncher.java:136)
	at org.eclipse.core.runtime.internal.adaptor.EclipseAppLauncher.start(EclipseAppLauncher.java:104)
	at org.eclipse.core.runtime.adaptor.EclipseStarter.run(EclipseStarter.java:401)
	at org.eclipse.core.runtime.adaptor.EclipseStarter.run(EclipseStarter.java:255)
	at java.base/jdk.internal.reflect.NativeMethodAccessorImpl.invoke0(Native Method)
	at java.base/jdk.internal.reflect.NativeMethodAccessorImpl.invoke(NativeMethodAccessorImpl.java:62)
	at java.base/jdk.internal.reflect.DelegatingMethodAccessorImpl.invoke(DelegatingMethodAccessorImpl.java:43)
	at java.base/java.lang.reflect.Method.invoke(Method.java:566)
	at org.eclipse.equinox.launcher.Main.invokeFramework(Main.java:659)
	at org.eclipse.equinox.launcher.Main.basicRun(Main.java:596)
	at org.eclipse.equinox.launcher.Main.run(Main.java:1467)
	at org.eclipse.equinox.launcher.Main.main(Main.java:1440)

!ENTRY org.eclipse.ui 4 0 2022-11-17 12:21:12.581
!MESSAGE Unhandled event loop exception
!STACK 0
org.eclipse.swt.SWTException: Widget is disposed
	at org.eclipse.swt.SWT.error(SWT.java:4918)
	at org.eclipse.swt.SWT.error(SWT.java:4833)
	at org.eclipse.swt.SWT.error(SWT.java:4804)
	at org.eclipse.swt.widgets.Widget.error(Widget.java:565)
	at org.eclipse.swt.widgets.Widget.checkWidget(Widget.java:480)
	at org.eclipse.swt.custom.StyledText.getWordWrap(StyledText.java:5656)
	at org.python.pydev.shared_interactive_console.console.ui.internal.actions.WordWrapAction.update(WordWrapAction.java:31)
	at org.python.pydev.shared_interactive_console.console.ui.internal.actions.WordWrapAction.<init>(WordWrapAction.java:20)
	at org.python.pydev.shared_interactive_console.console.ui.internal.ScriptConsolePage.createActions(ScriptConsolePage.java:92)
	at org.eclipse.ui.console.TextConsolePage.createControl(TextConsolePage.java:163)
	at org.eclipse.ui.internal.console.ConsoleView.doCreatePage(ConsoleView.java:328)
	at org.eclipse.ui.part.PageBookView.createPage(PageBookView.java:369)
	at org.eclipse.ui.part.PageBookView.partActivated(PageBookView.java:696)
	at org.eclipse.ui.internal.console.ConsoleView.display(ConsoleView.java:513)
	at org.eclipse.ui.internal.console.ConsoleView.lambda$1(ConsoleView.java:437)
	at org.eclipse.swt.widgets.RunnableLock.run(RunnableLock.java:40)
	at org.eclipse.swt.widgets.Synchronizer.runAsyncMessages(Synchronizer.java:185)
	at org.eclipse.swt.widgets.Display.runAsyncMessages(Display.java:5101)
	at org.eclipse.swt.widgets.Display.readAndDispatch(Display.java:4584)
	at org.eclipse.e4.ui.internal.workbench.swt.PartRenderingEngine$5.run(PartRenderingEngine.java:1155)
	at org.eclipse.core.databinding.observable.Realm.runWithDefault(Realm.java:338)
	at org.eclipse.e4.ui.internal.workbench.swt.PartRenderingEngine.run(PartRenderingEngine.java:1046)
	at org.eclipse.e4.ui.internal.workbench.E4Workbench.createAndRunUI(E4Workbench.java:155)
	at org.eclipse.ui.internal.Workbench.lambda$3(Workbench.java:644)
	at org.eclipse.core.databinding.observable.Realm.runWithDefault(Realm.java:338)
	at org.eclipse.ui.internal.Workbench.createAndRunWorkbench(Workbench.java:551)
	at org.eclipse.ui.PlatformUI.createAndRunWorkbench(PlatformUI.java:156)
	at org.eclipse.ui.internal.ide.application.IDEApplication.start(IDEApplication.java:152)
	at org.eclipse.equinox.internal.app.EclipseAppHandle.run(EclipseAppHandle.java:203)
	at org.eclipse.core.runtime.internal.adaptor.EclipseAppLauncher.runApplication(EclipseAppLauncher.java:136)
	at org.eclipse.core.runtime.internal.adaptor.EclipseAppLauncher.start(EclipseAppLauncher.java:104)
	at org.eclipse.core.runtime.adaptor.EclipseStarter.run(EclipseStarter.java:401)
	at org.eclipse.core.runtime.adaptor.EclipseStarter.run(EclipseStarter.java:255)
	at java.base/jdk.internal.reflect.NativeMethodAccessorImpl.invoke0(Native Method)
	at java.base/jdk.internal.reflect.NativeMethodAccessorImpl.invoke(NativeMethodAccessorImpl.java:62)
	at java.base/jdk.internal.reflect.DelegatingMethodAccessorImpl.invoke(DelegatingMethodAccessorImpl.java:43)
	at java.base/java.lang.reflect.Method.invoke(Method.java:566)
	at org.eclipse.equinox.launcher.Main.invokeFramework(Main.java:659)
	at org.eclipse.equinox.launcher.Main.basicRun(Main.java:596)
	at org.eclipse.equinox.launcher.Main.run(Main.java:1467)
	at org.eclipse.equinox.launcher.Main.main(Main.java:1440)
!SESSION 2022-11-18 09:01:29.467 -----------------------------------------------
eclipse.buildId=4.23.0.I20220308-0310
java.version=11.0.17
java.vendor=Ubuntu
BootLoader constants: OS=linux, ARCH=x86_64, WS=gtk, NL=en_US
Framework arguments:  -product org.eclipse.epp.package.java.product
Command-line arguments:  -os linux -ws gtk -arch x86_64 -product org.eclipse.epp.package.java.product

!ENTRY org.eclipse.jface 2 0 2022-11-18 09:01:50.521
!MESSAGE Keybinding conflicts occurred.  They may interfere with normal accelerator operation.
!SUBENTRY 1 org.eclipse.jface 2 0 2022-11-18 09:01:50.521
!MESSAGE A conflict occurred for CTRL+SHIFT+T:
Binding(CTRL+SHIFT+T,
	ParameterizedCommand(Command(org.eclipse.jdt.ui.navigate.open.type,Open Type,
		Open a type in a Java editor,
		Category(org.eclipse.ui.category.navigate,Navigate,null,true),
		org.eclipse.ui.internal.WorkbenchHandlerServiceHandler@26cdd4af,
		,,true),null),
	org.eclipse.ui.defaultAcceleratorConfiguration,
	org.eclipse.ui.contexts.window,,,system)
Binding(CTRL+SHIFT+T,
	ParameterizedCommand(Command(org.eclipse.lsp4e.symbolinworkspace,Go to Symbol in Workspace,
		,
		Category(org.eclipse.lsp4e.category,Language Servers,null,true),
		org.eclipse.ui.internal.WorkbenchHandlerServiceHandler@707f4647,
		,,true),null),
	org.eclipse.ui.defaultAcceleratorConfiguration,
	org.eclipse.ui.contexts.window,,,system)
!SUBENTRY 1 org.eclipse.jface 2 0 2022-11-18 09:01:50.521
!MESSAGE A conflict occurred for ALT+SHIFT+R:
Binding(ALT+SHIFT+R,
	ParameterizedCommand(Command(org.eclipse.jdt.ui.edit.text.java.rename.element,Rename - Refactoring ,
		Rename the selected element,
		Category(org.eclipse.jdt.ui.category.refactoring,Refactor - Java,Java Refactoring Actions,true),
		org.eclipse.ui.internal.WorkbenchHandlerServiceHandler@4b8a0d03,
		,,true),null),
	org.eclipse.ui.defaultAcceleratorConfiguration,
	org.eclipse.ui.contexts.window,,,system)
Binding(ALT+SHIFT+R,
	ParameterizedCommand(Command(org.eclipse.ui.edit.rename,Rename,
		Rename the selected item,
		Category(org.eclipse.ui.category.file,File,null,true),
		org.eclipse.ui.internal.WorkbenchHandlerServiceHandler@54f373d4,
		,,true),null),
	org.eclipse.ui.defaultAcceleratorConfiguration,
	org.eclipse.ui.contexts.window,,,system)

!ENTRY org.python.pydev.shared_core 4 4 2022-11-18 09:03:50.970
!MESSAGE Unable to read contents from: /home/estudiante/Documents/Programacion/.metadata/.plugins/org.python.pydev/v1_eqo8on6m6qtijnz6835bycxw5/shell/bui_1qlzok4p37uavez71dro3iv71.top
!STACK 0
java.io.EOFException: Unexpected end of ZLIB input stream
	at java.base/java.util.zip.InflaterInputStream.fill(InflaterInputStream.java:245)
	at java.base/java.util.zip.InflaterInputStream.read(InflaterInputStream.java:159)
	at java.base/java.util.zip.GZIPInputStream.read(GZIPInputStream.java:118)
	at java.base/java.io.BufferedInputStream.fill(BufferedInputStream.java:252)
	at java.base/java.io.BufferedInputStream.read1(BufferedInputStream.java:292)
	at java.base/java.io.BufferedInputStream.read(BufferedInputStream.java:351)
	at java.base/java.io.ObjectInputStream$PeekInputStream.read(ObjectInputStream.java:2893)
	at java.base/java.io.ObjectInputStream$PeekInputStream.readFully(ObjectInputStream.java:2909)
	at java.base/java.io.ObjectInputStream$BlockDataInputStream.readShort(ObjectInputStream.java:3406)
	at java.base/java.io.ObjectInputStream.readStreamHeader(ObjectInputStream.java:932)
	at java.base/java.io.ObjectInputStream.<init>(ObjectInputStream.java:375)
	at org.python.pydev.ast.codecompletion.revisited.modules.CompiledModule.getCached(CompiledModule.java:310)
	at org.python.pydev.ast.codecompletion.revisited.modules.CompiledModule.<init>(CompiledModule.java:161)
	at org.python.pydev.ast.codecompletion.revisited.SystemModulesManager.getBuiltinModule(SystemModulesManager.java:392)
	at org.python.pydev.ast.codecompletion.revisited.SystemModulesManager.getBuiltinModule(SystemModulesManager.java:1)
	at org.python.pydev.ast.codecompletion.revisited.ProjectModulesManager.getModuleAndRelatedModulesManager(ProjectModulesManager.java:204)
	at org.python.pydev.ast.codecompletion.revisited.ProjectModulesManager.getModule(ProjectModulesManager.java:183)
	at org.python.pydev.ast.codecompletion.revisited.AbstractASTManager.getModule(AbstractASTManager.java:592)
	at org.python.pydev.ast.codecompletion.revisited.modules.SourceModule.internalFindGlobalTokDef(SourceModule.java:1276)
	at org.python.pydev.ast.codecompletion.revisited.modules.SourceModule.findGlobalTokDef(SourceModule.java:1145)
	at org.python.pydev.ast.codecompletion.revisited.modules.SourceModule.findDefinitionsFromModAndTok(SourceModule.java:1087)
	at org.python.pydev.ast.codecompletion.revisited.modules.SourceModule.findDefinition(SourceModule.java:1069)
	at org.python.pydev.ast.codecompletion.revisited.modules.SourceModule.findDefinition(SourceModule.java:730)
	at org.python.pydev.ast.codecompletion.revisited.modules.SourceModule.findDefinition(SourceModule.java:1)
	at org.python.pydev.ast.refactoring.PyRefactoringFindDefinition.findActualDefinition(PyRefactoringFindDefinition.java:198)
	at org.python.pydev.ast.refactoring.PyRefactoringFindDefinition.findActualDefinition(PyRefactoringFindDefinition.java:163)
	at org.python.pydev.ast.refactoring.PyRefactoringFindDefinition.findActualDefinition(PyRefactoringFindDefinition.java:84)
	at org.python.pydev.editor.hover.PyDocstringTextHover.getDocstringHover(PyDocstringTextHover.java:101)
	at org.python.pydev.editor.hover.PyDocstringTextHover.getHoverInfo(PyDocstringTextHover.java:59)
	at org.python.pydev.editor.hover.PydevCombiningHover.getHoverInfo(PydevCombiningHover.java:141)
	at org.python.pydev.editor.hover.PyEditorTextHoverProxy.getHoverInfo(PyEditorTextHoverProxy.java:59)
	at org.eclipse.jface.text.TextViewerHoverManager$1.run(TextViewerHoverManager.java:157)
!SESSION 2022-11-21 11:34:35.107 -----------------------------------------------
eclipse.buildId=4.23.0.I20220308-0310
java.version=11.0.17
java.vendor=Ubuntu
BootLoader constants: OS=linux, ARCH=x86_64, WS=gtk, NL=en_US
Framework arguments:  -product org.eclipse.epp.package.java.product
Command-line arguments:  -os linux -ws gtk -arch x86_64 -product org.eclipse.epp.package.java.product

!ENTRY org.eclipse.jface 2 0 2022-11-21 11:34:46.259
!MESSAGE Keybinding conflicts occurred.  They may interfere with normal accelerator operation.
!SUBENTRY 1 org.eclipse.jface 2 0 2022-11-21 11:34:46.259
!MESSAGE A conflict occurred for CTRL+SHIFT+T:
Binding(CTRL+SHIFT+T,
	ParameterizedCommand(Command(org.eclipse.jdt.ui.navigate.open.type,Open Type,
		Open a type in a Java editor,
		Category(org.eclipse.ui.category.navigate,Navigate,null,true),
		org.eclipse.ui.internal.WorkbenchHandlerServiceHandler@26cdd4af,
		,,true),null),
	org.eclipse.ui.defaultAcceleratorConfiguration,
	org.eclipse.ui.contexts.window,,,system)
Binding(CTRL+SHIFT+T,
	ParameterizedCommand(Command(org.eclipse.lsp4e.symbolinworkspace,Go to Symbol in Workspace,
		,
		Category(org.eclipse.lsp4e.category,Language Servers,null,true),
		org.eclipse.ui.internal.WorkbenchHandlerServiceHandler@707f4647,
		,,true),null),
	org.eclipse.ui.defaultAcceleratorConfiguration,
	org.eclipse.ui.contexts.window,,,system)
!SUBENTRY 1 org.eclipse.jface 2 0 2022-11-21 11:34:46.259
!MESSAGE A conflict occurred for ALT+SHIFT+R:
Binding(ALT+SHIFT+R,
	ParameterizedCommand(Command(org.eclipse.jdt.ui.edit.text.java.rename.element,Rename - Refactoring ,
		Rename the selected element,
		Category(org.eclipse.jdt.ui.category.refactoring,Refactor - Java,Java Refactoring Actions,true),
		org.eclipse.ui.internal.WorkbenchHandlerServiceHandler@4b8a0d03,
		,,true),null),
	org.eclipse.ui.defaultAcceleratorConfiguration,
	org.eclipse.ui.contexts.window,,,system)
Binding(ALT+SHIFT+R,
	ParameterizedCommand(Command(org.eclipse.ui.edit.rename,Rename,
		Rename the selected item,
		Category(org.eclipse.ui.category.file,File,null,true),
		org.eclipse.ui.internal.WorkbenchHandlerServiceHandler@54f373d4,
		,,true),null),
	org.eclipse.ui.defaultAcceleratorConfiguration,
	org.eclipse.ui.contexts.window,,,system)
!SESSION 2022-11-22 09:10:11.353 -----------------------------------------------
eclipse.buildId=4.23.0.I20220308-0310
java.version=11.0.17
java.vendor=Ubuntu
BootLoader constants: OS=linux, ARCH=x86_64, WS=gtk, NL=en_US
Framework arguments:  -product org.eclipse.epp.package.java.product
Command-line arguments:  -os linux -ws gtk -arch x86_64 -product org.eclipse.epp.package.java.product

!ENTRY org.eclipse.jface 2 0 2022-11-22 09:10:19.793
!MESSAGE Keybinding conflicts occurred.  They may interfere with normal accelerator operation.
!SUBENTRY 1 org.eclipse.jface 2 0 2022-11-22 09:10:19.793
!MESSAGE A conflict occurred for CTRL+SHIFT+T:
Binding(CTRL+SHIFT+T,
	ParameterizedCommand(Command(org.eclipse.jdt.ui.navigate.open.type,Open Type,
		Open a type in a Java editor,
		Category(org.eclipse.ui.category.navigate,Navigate,null,true),
		org.eclipse.ui.internal.WorkbenchHandlerServiceHandler@707f4647,
		,,true),null),
	org.eclipse.ui.defaultAcceleratorConfiguration,
	org.eclipse.ui.contexts.window,,,system)
Binding(CTRL+SHIFT+T,
	ParameterizedCommand(Command(org.eclipse.lsp4e.symbolinworkspace,Go to Symbol in Workspace,
		,
		Category(org.eclipse.lsp4e.category,Language Servers,null,true),
		org.eclipse.ui.internal.WorkbenchHandlerServiceHandler@4b8a0d03,
		,,true),null),
	org.eclipse.ui.defaultAcceleratorConfiguration,
	org.eclipse.ui.contexts.window,,,system)
!SUBENTRY 1 org.eclipse.jface 2 0 2022-11-22 09:10:19.793
!MESSAGE A conflict occurred for ALT+SHIFT+R:
Binding(ALT+SHIFT+R,
	ParameterizedCommand(Command(org.eclipse.jdt.ui.edit.text.java.rename.element,Rename - Refactoring ,
		Rename the selected element,
		Category(org.eclipse.jdt.ui.category.refactoring,Refactor - Java,Java Refactoring Actions,true),
		org.eclipse.ui.internal.WorkbenchHandlerServiceHandler@54f373d4,
		,,true),null),
	org.eclipse.ui.defaultAcceleratorConfiguration,
	org.eclipse.ui.contexts.window,,,system)
Binding(ALT+SHIFT+R,
	ParameterizedCommand(Command(org.eclipse.ui.edit.rename,Rename,
		Rename the selected item,
		Category(org.eclipse.ui.category.file,File,null,true),
		org.eclipse.ui.internal.WorkbenchHandlerServiceHandler@1c53bd49,
		,,true),null),
	org.eclipse.ui.defaultAcceleratorConfiguration,
	org.eclipse.ui.contexts.window,,,system)

!ENTRY org.python.pydev.shared_core 4 4 2022-11-22 09:19:50.812
!MESSAGE Did not expect to find item below node: Assign[targets=[Name[id=numero2, ctx=Store, reserved=false]], value=null, type=null] (module: ProgramacionModular.__init__ file: /home/estudiante/Documents/Programacion/ProgramacionModular/src/ProgramacionModular/__init__.py row: 24).
!STACK 0
java.lang.RuntimeException: Did not expect to find item below node: Assign[targets=[Name[id=numero2, ctx=Store, reserved=false]], value=null, type=null] (module: ProgramacionModular.__init__ file: /home/estudiante/Documents/Programacion/ProgramacionModular/src/ProgramacionModular/__init__.py row: 24).
	at org.python.pydev.core.log.Log.log(Log.java:33)
	at org.python.pydev.parser.fastparser.FastDefinitionsParser.endScopesInStack(FastDefinitionsParser.java:631)
	at org.python.pydev.parser.fastparser.FastDefinitionsParser.handleNewLine(FastDefinitionsParser.java:415)
	at org.python.pydev.parser.fastparser.FastDefinitionsParser.extractBody(FastDefinitionsParser.java:259)
	at org.python.pydev.parser.fastparser.FastDefinitionsParser.parse(FastDefinitionsParser.java:698)
	at org.python.pydev.parser.fastparser.FastDefinitionsParser.parse(FastDefinitionsParser.java:692)
	at org.python.pydev.parser.fastparser.FastDefinitionsParser.parse(FastDefinitionsParser.java:683)
	at com.python.pydev.analysis.additionalinfo.builders.AnalysisBuilderVisitor$1.call(AnalysisBuilderVisitor.java:122)
	at com.python.pydev.analysis.additionalinfo.builders.AnalysisBuilderVisitor$1.call(AnalysisBuilderVisitor.java:1)
	at com.python.pydev.analysis.additionalinfo.builders.AnalysisBuilderRunnable.<init>(AnalysisBuilderRunnable.java:199)
	at com.python.pydev.analysis.additionalinfo.builders.AnalysisBuilderRunnableFactory.createRunnable(AnalysisBuilderRunnableFactory.java:227)
	at com.python.pydev.analysis.additionalinfo.builders.AnalysisBuilderVisitor.doVisitChangedResource(AnalysisBuilderVisitor.java:248)
	at com.python.pydev.analysis.additionalinfo.builders.AnalysisBuilderVisitor.doVisitChangedResource(AnalysisBuilderVisitor.java:196)
	at com.python.pydev.analysis.additionalinfo.builders.AnalysisBuilderVisitor.visitChangedResource(AnalysisBuilderVisitor.java:137)
	at com.python.pydev.analysis.additionalinfo.builders.AnalysisBuilderVisitor.visitChangedResource(AnalysisBuilderVisitor.java:49)
	at org.python.pydev.ast.builder.PydevGrouperVisitor.visitWith(PydevGrouperVisitor.java:115)
	at org.python.pydev.ast.builder.PydevGrouperVisitor.visitChangedResource(PydevGrouperVisitor.java:166)
	at org.python.pydev.ast.builder.PydevGrouperVisitor.finishDelayedVisits(PydevGrouperVisitor.java:190)
	at org.python.pydev.ast.builder.PyDevBuilder.build(PyDevBuilder.java:130)
	at org.eclipse.core.internal.events.BuildManager$2.run(BuildManager.java:860)
	at org.eclipse.core.runtime.SafeRunner.run(SafeRunner.java:45)
	at org.eclipse.core.internal.events.BuildManager.basicBuild(BuildManager.java:232)
	at org.eclipse.core.internal.events.BuildManager.basicBuild(BuildManager.java:281)
	at org.eclipse.core.internal.events.BuildManager$1.run(BuildManager.java:334)
	at org.eclipse.core.runtime.SafeRunner.run(SafeRunner.java:45)
	at org.eclipse.core.internal.events.BuildManager.basicBuild(BuildManager.java:337)
	at org.eclipse.core.internal.events.BuildManager.basicBuildLoop(BuildManager.java:392)
	at org.eclipse.core.internal.events.BuildManager.build(BuildManager.java:417)
	at org.eclipse.core.internal.events.AutoBuildJob.doBuild(AutoBuildJob.java:161)
	at org.eclipse.core.internal.events.AutoBuildJob.run(AutoBuildJob.java:255)
	at org.eclipse.core.internal.jobs.Worker.run(Worker.java:63)

!ENTRY org.python.pydev.shared_core 4 4 2022-11-22 09:19:50.814
!MESSAGE Did not expect to find item below node: Assign[targets=[Name[id=numero2, ctx=Store, reserved=false]], value=null, type=null] (module: ProgramacionModular.__init__ file: /home/estudiante/Documents/Programacion/ProgramacionModular/src/ProgramacionModular/__init__.py row: 26).
!STACK 0
java.lang.RuntimeException: Did not expect to find item below node: Assign[targets=[Name[id=numero2, ctx=Store, reserved=false]], value=null, type=null] (module: ProgramacionModular.__init__ file: /home/estudiante/Documents/Programacion/ProgramacionModular/src/ProgramacionModular/__init__.py row: 26).
	at org.python.pydev.core.log.Log.log(Log.java:33)
	at org.python.pydev.parser.fastparser.FastDefinitionsParser.endScopesInStack(FastDefinitionsParser.java:631)
	at org.python.pydev.parser.fastparser.FastDefinitionsParser.handleNewLine(FastDefinitionsParser.java:415)
	at org.python.pydev.parser.fastparser.FastDefinitionsParser.extractBody(FastDefinitionsParser.java:259)
	at org.python.pydev.parser.fastparser.FastDefinitionsParser.parse(FastDefinitionsParser.java:698)
	at org.python.pydev.parser.fastparser.FastDefinitionsParser.parse(FastDefinitionsParser.java:692)
	at org.python.pydev.parser.fastparser.FastDefinitionsParser.parse(FastDefinitionsParser.java:683)
	at com.python.pydev.analysis.additionalinfo.builders.AnalysisBuilderVisitor$1.call(AnalysisBuilderVisitor.java:122)
	at com.python.pydev.analysis.additionalinfo.builders.AnalysisBuilderVisitor$1.call(AnalysisBuilderVisitor.java:1)
	at com.python.pydev.analysis.additionalinfo.builders.AnalysisBuilderRunnable.<init>(AnalysisBuilderRunnable.java:199)
	at com.python.pydev.analysis.additionalinfo.builders.AnalysisBuilderRunnableFactory.createRunnable(AnalysisBuilderRunnableFactory.java:227)
	at com.python.pydev.analysis.additionalinfo.builders.AnalysisBuilderVisitor.doVisitChangedResource(AnalysisBuilderVisitor.java:248)
	at com.python.pydev.analysis.additionalinfo.builders.AnalysisBuilderVisitor.doVisitChangedResource(AnalysisBuilderVisitor.java:196)
	at com.python.pydev.analysis.additionalinfo.builders.AnalysisBuilderVisitor.visitChangedResource(AnalysisBuilderVisitor.java:137)
	at com.python.pydev.analysis.additionalinfo.builders.AnalysisBuilderVisitor.visitChangedResource(AnalysisBuilderVisitor.java:49)
	at org.python.pydev.ast.builder.PydevGrouperVisitor.visitWith(PydevGrouperVisitor.java:115)
	at org.python.pydev.ast.builder.PydevGrouperVisitor.visitChangedResource(PydevGrouperVisitor.java:166)
	at org.python.pydev.ast.builder.PydevGrouperVisitor.finishDelayedVisits(PydevGrouperVisitor.java:190)
	at org.python.pydev.ast.builder.PyDevBuilder.build(PyDevBuilder.java:130)
	at org.eclipse.core.internal.events.BuildManager$2.run(BuildManager.java:860)
	at org.eclipse.core.runtime.SafeRunner.run(SafeRunner.java:45)
	at org.eclipse.core.internal.events.BuildManager.basicBuild(BuildManager.java:232)
	at org.eclipse.core.internal.events.BuildManager.basicBuild(BuildManager.java:281)
	at org.eclipse.core.internal.events.BuildManager$1.run(BuildManager.java:334)
	at org.eclipse.core.runtime.SafeRunner.run(SafeRunner.java:45)
	at org.eclipse.core.internal.events.BuildManager.basicBuild(BuildManager.java:337)
	at org.eclipse.core.internal.events.BuildManager.basicBuildLoop(BuildManager.java:392)
	at org.eclipse.core.internal.events.BuildManager.build(BuildManager.java:417)
	at org.eclipse.core.internal.events.AutoBuildJob.doBuild(AutoBuildJob.java:161)
	at org.eclipse.core.internal.events.AutoBuildJob.run(AutoBuildJob.java:255)
	at org.eclipse.core.internal.jobs.Worker.run(Worker.java:63)

!ENTRY org.python.pydev.shared_core 4 4 2022-11-22 09:19:50.815
!MESSAGE Did not expect to find item below node: Assign[targets=[Name[id=numero2, ctx=Store, reserved=false]], value=null, type=null] (module: ProgramacionModular.__init__ file: /home/estudiante/Documents/Programacion/ProgramacionModular/src/ProgramacionModular/__init__.py row: 34).
!STACK 0
java.lang.RuntimeException: Did not expect to find item below node: Assign[targets=[Name[id=numero2, ctx=Store, reserved=false]], value=null, type=null] (module: ProgramacionModular.__init__ file: /home/estudiante/Documents/Programacion/ProgramacionModular/src/ProgramacionModular/__init__.py row: 34).
	at org.python.pydev.core.log.Log.log(Log.java:33)
	at org.python.pydev.parser.fastparser.FastDefinitionsParser.endScopesInStack(FastDefinitionsParser.java:631)
	at org.python.pydev.parser.fastparser.FastDefinitionsParser.handleNewLine(FastDefinitionsParser.java:415)
	at org.python.pydev.parser.fastparser.FastDefinitionsParser.extractBody(FastDefinitionsParser.java:259)
	at org.python.pydev.parser.fastparser.FastDefinitionsParser.parse(FastDefinitionsParser.java:698)
	at org.python.pydev.parser.fastparser.FastDefinitionsParser.parse(FastDefinitionsParser.java:692)
	at org.python.pydev.parser.fastparser.FastDefinitionsParser.parse(FastDefinitionsParser.java:683)
	at com.python.pydev.analysis.additionalinfo.builders.AnalysisBuilderVisitor$1.call(AnalysisBuilderVisitor.java:122)
	at com.python.pydev.analysis.additionalinfo.builders.AnalysisBuilderVisitor$1.call(AnalysisBuilderVisitor.java:1)
	at com.python.pydev.analysis.additionalinfo.builders.AnalysisBuilderRunnable.<init>(AnalysisBuilderRunnable.java:199)
	at com.python.pydev.analysis.additionalinfo.builders.AnalysisBuilderRunnableFactory.createRunnable(AnalysisBuilderRunnableFactory.java:227)
	at com.python.pydev.analysis.additionalinfo.builders.AnalysisBuilderVisitor.doVisitChangedResource(AnalysisBuilderVisitor.java:248)
	at com.python.pydev.analysis.additionalinfo.builders.AnalysisBuilderVisitor.doVisitChangedResource(AnalysisBuilderVisitor.java:196)
	at com.python.pydev.analysis.additionalinfo.builders.AnalysisBuilderVisitor.visitChangedResource(AnalysisBuilderVisitor.java:137)
	at com.python.pydev.analysis.additionalinfo.builders.AnalysisBuilderVisitor.visitChangedResource(AnalysisBuilderVisitor.java:49)
	at org.python.pydev.ast.builder.PydevGrouperVisitor.visitWith(PydevGrouperVisitor.java:115)
	at org.python.pydev.ast.builder.PydevGrouperVisitor.visitChangedResource(PydevGrouperVisitor.java:166)
	at org.python.pydev.ast.builder.PydevGrouperVisitor.finishDelayedVisits(PydevGrouperVisitor.java:190)
	at org.python.pydev.ast.builder.PyDevBuilder.build(PyDevBuilder.java:130)
	at org.eclipse.core.internal.events.BuildManager$2.run(BuildManager.java:860)
	at org.eclipse.core.runtime.SafeRunner.run(SafeRunner.java:45)
	at org.eclipse.core.internal.events.BuildManager.basicBuild(BuildManager.java:232)
	at org.eclipse.core.internal.events.BuildManager.basicBuild(BuildManager.java:281)
	at org.eclipse.core.internal.events.BuildManager$1.run(BuildManager.java:334)
	at org.eclipse.core.runtime.SafeRunner.run(SafeRunner.java:45)
	at org.eclipse.core.internal.events.BuildManager.basicBuild(BuildManager.java:337)
	at org.eclipse.core.internal.events.BuildManager.basicBuildLoop(BuildManager.java:392)
	at org.eclipse.core.internal.events.BuildManager.build(BuildManager.java:417)
	at org.eclipse.core.internal.events.AutoBuildJob.doBuild(AutoBuildJob.java:161)
	at org.eclipse.core.internal.events.AutoBuildJob.run(AutoBuildJob.java:255)
	at org.eclipse.core.internal.jobs.Worker.run(Worker.java:63)

!ENTRY org.python.pydev.shared_core 4 4 2022-11-22 09:20:33.792
!MESSAGE Did not expect to find item below node: Assign[targets=[Name[id=numero2, ctx=Store, reserved=false]], value=null, type=null] (module: ProgramacionModular.__init__ file: /home/estudiante/Documents/Programacion/ProgramacionModular/src/ProgramacionModular/__init__.py row: 24).
!STACK 0
java.lang.RuntimeException: Did not expect to find item below node: Assign[targets=[Name[id=numero2, ctx=Store, reserved=false]], value=null, type=null] (module: ProgramacionModular.__init__ file: /home/estudiante/Documents/Programacion/ProgramacionModular/src/ProgramacionModular/__init__.py row: 24).
	at org.python.pydev.core.log.Log.log(Log.java:33)
	at org.python.pydev.parser.fastparser.FastDefinitionsParser.endScopesInStack(FastDefinitionsParser.java:631)
	at org.python.pydev.parser.fastparser.FastDefinitionsParser.handleNewLine(FastDefinitionsParser.java:415)
	at org.python.pydev.parser.fastparser.FastDefinitionsParser.extractBody(FastDefinitionsParser.java:259)
	at org.python.pydev.parser.fastparser.FastDefinitionsParser.parse(FastDefinitionsParser.java:698)
	at org.python.pydev.parser.fastparser.FastDefinitionsParser.parse(FastDefinitionsParser.java:692)
	at org.python.pydev.parser.fastparser.FastDefinitionsParser.parse(FastDefinitionsParser.java:683)
	at com.python.pydev.analysis.additionalinfo.builders.AnalysisBuilderVisitor$1.call(AnalysisBuilderVisitor.java:122)
	at com.python.pydev.analysis.additionalinfo.builders.AnalysisBuilderVisitor$1.call(AnalysisBuilderVisitor.java:1)
	at com.python.pydev.analysis.additionalinfo.builders.AnalysisBuilderRunnable.<init>(AnalysisBuilderRunnable.java:199)
	at com.python.pydev.analysis.additionalinfo.builders.AnalysisBuilderRunnableFactory.createRunnable(AnalysisBuilderRunnableFactory.java:227)
	at com.python.pydev.analysis.additionalinfo.builders.AnalysisBuilderVisitor.doVisitChangedResource(AnalysisBuilderVisitor.java:248)
	at com.python.pydev.analysis.additionalinfo.builders.AnalysisBuilderVisitor.doVisitChangedResource(AnalysisBuilderVisitor.java:196)
	at com.python.pydev.analysis.additionalinfo.builders.AnalysisBuilderVisitor.visitChangedResource(AnalysisBuilderVisitor.java:137)
	at com.python.pydev.analysis.additionalinfo.builders.AnalysisBuilderVisitor.visitChangedResource(AnalysisBuilderVisitor.java:49)
	at org.python.pydev.ast.builder.PydevGrouperVisitor.visitWith(PydevGrouperVisitor.java:115)
	at org.python.pydev.ast.builder.PydevGrouperVisitor.visitChangedResource(PydevGrouperVisitor.java:166)
	at org.python.pydev.ast.builder.PydevGrouperVisitor.finishDelayedVisits(PydevGrouperVisitor.java:190)
	at org.python.pydev.ast.builder.PyDevBuilder.build(PyDevBuilder.java:130)
	at org.eclipse.core.internal.events.BuildManager$2.run(BuildManager.java:860)
	at org.eclipse.core.runtime.SafeRunner.run(SafeRunner.java:45)
	at org.eclipse.core.internal.events.BuildManager.basicBuild(BuildManager.java:232)
	at org.eclipse.core.internal.events.BuildManager.basicBuild(BuildManager.java:281)
	at org.eclipse.core.internal.events.BuildManager$1.run(BuildManager.java:334)
	at org.eclipse.core.runtime.SafeRunner.run(SafeRunner.java:45)
	at org.eclipse.core.internal.events.BuildManager.basicBuild(BuildManager.java:337)
	at org.eclipse.core.internal.events.BuildManager.basicBuildLoop(BuildManager.java:392)
	at org.eclipse.core.internal.events.BuildManager.build(BuildManager.java:417)
	at org.eclipse.core.internal.events.AutoBuildJob.doBuild(AutoBuildJob.java:161)
	at org.eclipse.core.internal.events.AutoBuildJob.run(AutoBuildJob.java:255)
	at org.eclipse.core.internal.jobs.Worker.run(Worker.java:63)

!ENTRY org.python.pydev.shared_core 4 4 2022-11-22 09:20:33.793
!MESSAGE Did not expect to find item below node: Assign[targets=[Name[id=numero2, ctx=Store, reserved=false]], value=null, type=null] (module: ProgramacionModular.__init__ file: /home/estudiante/Documents/Programacion/ProgramacionModular/src/ProgramacionModular/__init__.py row: 26).
!STACK 0
java.lang.RuntimeException: Did not expect to find item below node: Assign[targets=[Name[id=numero2, ctx=Store, reserved=false]], value=null, type=null] (module: ProgramacionModular.__init__ file: /home/estudiante/Documents/Programacion/ProgramacionModular/src/ProgramacionModular/__init__.py row: 26).
	at org.python.pydev.core.log.Log.log(Log.java:33)
	at org.python.pydev.parser.fastparser.FastDefinitionsParser.endScopesInStack(FastDefinitionsParser.java:631)
	at org.python.pydev.parser.fastparser.FastDefinitionsParser.handleNewLine(FastDefinitionsParser.java:415)
	at org.python.pydev.parser.fastparser.FastDefinitionsParser.extractBody(FastDefinitionsParser.java:259)
	at org.python.pydev.parser.fastparser.FastDefinitionsParser.parse(FastDefinitionsParser.java:698)
	at org.python.pydev.parser.fastparser.FastDefinitionsParser.parse(FastDefinitionsParser.java:692)
	at org.python.pydev.parser.fastparser.FastDefinitionsParser.parse(FastDefinitionsParser.java:683)
	at com.python.pydev.analysis.additionalinfo.builders.AnalysisBuilderVisitor$1.call(AnalysisBuilderVisitor.java:122)
	at com.python.pydev.analysis.additionalinfo.builders.AnalysisBuilderVisitor$1.call(AnalysisBuilderVisitor.java:1)
	at com.python.pydev.analysis.additionalinfo.builders.AnalysisBuilderRunnable.<init>(AnalysisBuilderRunnable.java:199)
	at com.python.pydev.analysis.additionalinfo.builders.AnalysisBuilderRunnableFactory.createRunnable(AnalysisBuilderRunnableFactory.java:227)
	at com.python.pydev.analysis.additionalinfo.builders.AnalysisBuilderVisitor.doVisitChangedResource(AnalysisBuilderVisitor.java:248)
	at com.python.pydev.analysis.additionalinfo.builders.AnalysisBuilderVisitor.doVisitChangedResource(AnalysisBuilderVisitor.java:196)
	at com.python.pydev.analysis.additionalinfo.builders.AnalysisBuilderVisitor.visitChangedResource(AnalysisBuilderVisitor.java:137)
	at com.python.pydev.analysis.additionalinfo.builders.AnalysisBuilderVisitor.visitChangedResource(AnalysisBuilderVisitor.java:49)
	at org.python.pydev.ast.builder.PydevGrouperVisitor.visitWith(PydevGrouperVisitor.java:115)
	at org.python.pydev.ast.builder.PydevGrouperVisitor.visitChangedResource(PydevGrouperVisitor.java:166)
	at org.python.pydev.ast.builder.PydevGrouperVisitor.finishDelayedVisits(PydevGrouperVisitor.java:190)
	at org.python.pydev.ast.builder.PyDevBuilder.build(PyDevBuilder.java:130)
	at org.eclipse.core.internal.events.BuildManager$2.run(BuildManager.java:860)
	at org.eclipse.core.runtime.SafeRunner.run(SafeRunner.java:45)
	at org.eclipse.core.internal.events.BuildManager.basicBuild(BuildManager.java:232)
	at org.eclipse.core.internal.events.BuildManager.basicBuild(BuildManager.java:281)
	at org.eclipse.core.internal.events.BuildManager$1.run(BuildManager.java:334)
	at org.eclipse.core.runtime.SafeRunner.run(SafeRunner.java:45)
	at org.eclipse.core.internal.events.BuildManager.basicBuild(BuildManager.java:337)
	at org.eclipse.core.internal.events.BuildManager.basicBuildLoop(BuildManager.java:392)
	at org.eclipse.core.internal.events.BuildManager.build(BuildManager.java:417)
	at org.eclipse.core.internal.events.AutoBuildJob.doBuild(AutoBuildJob.java:161)
	at org.eclipse.core.internal.events.AutoBuildJob.run(AutoBuildJob.java:255)
	at org.eclipse.core.internal.jobs.Worker.run(Worker.java:63)

!ENTRY org.python.pydev.shared_core 4 4 2022-11-22 09:20:33.794
!MESSAGE Did not expect to find item below node: Assign[targets=[Name[id=numero2, ctx=Store, reserved=false]], value=null, type=null] (module: ProgramacionModular.__init__ file: /home/estudiante/Documents/Programacion/ProgramacionModular/src/ProgramacionModular/__init__.py row: 34).
!STACK 0
java.lang.RuntimeException: Did not expect to find item below node: Assign[targets=[Name[id=numero2, ctx=Store, reserved=false]], value=null, type=null] (module: ProgramacionModular.__init__ file: /home/estudiante/Documents/Programacion/ProgramacionModular/src/ProgramacionModular/__init__.py row: 34).
	at org.python.pydev.core.log.Log.log(Log.java:33)
	at org.python.pydev.parser.fastparser.FastDefinitionsParser.endScopesInStack(FastDefinitionsParser.java:631)
	at org.python.pydev.parser.fastparser.FastDefinitionsParser.handleNewLine(FastDefinitionsParser.java:415)
	at org.python.pydev.parser.fastparser.FastDefinitionsParser.extractBody(FastDefinitionsParser.java:259)
	at org.python.pydev.parser.fastparser.FastDefinitionsParser.parse(FastDefinitionsParser.java:698)
	at org.python.pydev.parser.fastparser.FastDefinitionsParser.parse(FastDefinitionsParser.java:692)
	at org.python.pydev.parser.fastparser.FastDefinitionsParser.parse(FastDefinitionsParser.java:683)
	at com.python.pydev.analysis.additionalinfo.builders.AnalysisBuilderVisitor$1.call(AnalysisBuilderVisitor.java:122)
	at com.python.pydev.analysis.additionalinfo.builders.AnalysisBuilderVisitor$1.call(AnalysisBuilderVisitor.java:1)
	at com.python.pydev.analysis.additionalinfo.builders.AnalysisBuilderRunnable.<init>(AnalysisBuilderRunnable.java:199)
	at com.python.pydev.analysis.additionalinfo.builders.AnalysisBuilderRunnableFactory.createRunnable(AnalysisBuilderRunnableFactory.java:227)
	at com.python.pydev.analysis.additionalinfo.builders.AnalysisBuilderVisitor.doVisitChangedResource(AnalysisBuilderVisitor.java:248)
	at com.python.pydev.analysis.additionalinfo.builders.AnalysisBuilderVisitor.doVisitChangedResource(AnalysisBuilderVisitor.java:196)
	at com.python.pydev.analysis.additionalinfo.builders.AnalysisBuilderVisitor.visitChangedResource(AnalysisBuilderVisitor.java:137)
	at com.python.pydev.analysis.additionalinfo.builders.AnalysisBuilderVisitor.visitChangedResource(AnalysisBuilderVisitor.java:49)
	at org.python.pydev.ast.builder.PydevGrouperVisitor.visitWith(PydevGrouperVisitor.java:115)
	at org.python.pydev.ast.builder.PydevGrouperVisitor.visitChangedResource(PydevGrouperVisitor.java:166)
	at org.python.pydev.ast.builder.PydevGrouperVisitor.finishDelayedVisits(PydevGrouperVisitor.java:190)
	at org.python.pydev.ast.builder.PyDevBuilder.build(PyDevBuilder.java:130)
	at org.eclipse.core.internal.events.BuildManager$2.run(BuildManager.java:860)
	at org.eclipse.core.runtime.SafeRunner.run(SafeRunner.java:45)
	at org.eclipse.core.internal.events.BuildManager.basicBuild(BuildManager.java:232)
	at org.eclipse.core.internal.events.BuildManager.basicBuild(BuildManager.java:281)
	at org.eclipse.core.internal.events.BuildManager$1.run(BuildManager.java:334)
	at org.eclipse.core.runtime.SafeRunner.run(SafeRunner.java:45)
	at org.eclipse.core.internal.events.BuildManager.basicBuild(BuildManager.java:337)
	at org.eclipse.core.internal.events.BuildManager.basicBuildLoop(BuildManager.java:392)
	at org.eclipse.core.internal.events.BuildManager.build(BuildManager.java:417)
	at org.eclipse.core.internal.events.AutoBuildJob.doBuild(AutoBuildJob.java:161)
	at org.eclipse.core.internal.events.AutoBuildJob.run(AutoBuildJob.java:255)
	at org.eclipse.core.internal.jobs.Worker.run(Worker.java:63)

!ENTRY org.python.pydev.shared_core 4 4 2022-11-22 09:24:35.657
!MESSAGE Did not expect to find item below node: Assign[targets=[Name[id=primera, ctx=Store, reserved=false]], value=null, type=null] (module: ProgramacionModular.__init__ file: /home/estudiante/Documents/Programacion/ProgramacionModular/src/ProgramacionModular/__init__.py row: 11).
!STACK 0
java.lang.RuntimeException: Did not expect to find item below node: Assign[targets=[Name[id=primera, ctx=Store, reserved=false]], value=null, type=null] (module: ProgramacionModular.__init__ file: /home/estudiante/Documents/Programacion/ProgramacionModular/src/ProgramacionModular/__init__.py row: 11).
	at org.python.pydev.core.log.Log.log(Log.java:33)
	at org.python.pydev.parser.fastparser.FastDefinitionsParser.endScopesInStack(FastDefinitionsParser.java:631)
	at org.python.pydev.parser.fastparser.FastDefinitionsParser.handleNewLine(FastDefinitionsParser.java:415)
	at org.python.pydev.parser.fastparser.FastDefinitionsParser.extractBody(FastDefinitionsParser.java:259)
	at org.python.pydev.parser.fastparser.FastDefinitionsParser.parse(FastDefinitionsParser.java:698)
	at org.python.pydev.parser.fastparser.FastDefinitionsParser.parse(FastDefinitionsParser.java:692)
	at org.python.pydev.parser.fastparser.FastDefinitionsParser.parse(FastDefinitionsParser.java:683)
	at com.python.pydev.analysis.additionalinfo.builders.AnalysisBuilderVisitor$1.call(AnalysisBuilderVisitor.java:122)
	at com.python.pydev.analysis.additionalinfo.builders.AnalysisBuilderVisitor$1.call(AnalysisBuilderVisitor.java:1)
	at com.python.pydev.analysis.additionalinfo.builders.AnalysisBuilderRunnable.<init>(AnalysisBuilderRunnable.java:199)
	at com.python.pydev.analysis.additionalinfo.builders.AnalysisBuilderRunnableFactory.createRunnable(AnalysisBuilderRunnableFactory.java:227)
	at com.python.pydev.analysis.additionalinfo.builders.AnalysisBuilderVisitor.doVisitChangedResource(AnalysisBuilderVisitor.java:248)
	at com.python.pydev.analysis.additionalinfo.builders.AnalysisBuilderVisitor.doVisitChangedResource(AnalysisBuilderVisitor.java:196)
	at com.python.pydev.analysis.additionalinfo.builders.AnalysisBuilderVisitor.visitChangedResource(AnalysisBuilderVisitor.java:137)
	at com.python.pydev.analysis.additionalinfo.builders.AnalysisBuilderVisitor.visitChangedResource(AnalysisBuilderVisitor.java:49)
	at org.python.pydev.ast.builder.PydevGrouperVisitor.visitWith(PydevGrouperVisitor.java:115)
	at org.python.pydev.ast.builder.PydevGrouperVisitor.visitChangedResource(PydevGrouperVisitor.java:166)
	at org.python.pydev.ast.builder.PydevGrouperVisitor.finishDelayedVisits(PydevGrouperVisitor.java:190)
	at org.python.pydev.ast.builder.PyDevBuilder.build(PyDevBuilder.java:130)
	at org.eclipse.core.internal.events.BuildManager$2.run(BuildManager.java:860)
	at org.eclipse.core.runtime.SafeRunner.run(SafeRunner.java:45)
	at org.eclipse.core.internal.events.BuildManager.basicBuild(BuildManager.java:232)
	at org.eclipse.core.internal.events.BuildManager.basicBuild(BuildManager.java:281)
	at org.eclipse.core.internal.events.BuildManager$1.run(BuildManager.java:334)
	at org.eclipse.core.runtime.SafeRunner.run(SafeRunner.java:45)
	at org.eclipse.core.internal.events.BuildManager.basicBuild(BuildManager.java:337)
	at org.eclipse.core.internal.events.BuildManager.basicBuildLoop(BuildManager.java:392)
	at org.eclipse.core.internal.events.BuildManager.build(BuildManager.java:417)
	at org.eclipse.core.internal.events.AutoBuildJob.doBuild(AutoBuildJob.java:161)
	at org.eclipse.core.internal.events.AutoBuildJob.run(AutoBuildJob.java:255)
	at org.eclipse.core.internal.jobs.Worker.run(Worker.java:63)

!ENTRY org.python.pydev.shared_core 1 1 2022-11-22 09:57:49.036
!MESSAGE No existing console history at: /home/estudiante/Documents/Programacion/.metadata/.plugins/org.python.pydev.shared_interactive_console/history.py
!STACK 0
java.io.FileNotFoundException: /home/estudiante/Documents/Programacion/.metadata/.plugins/org.python.pydev.shared_interactive_console/history.py (No such file or directory)
	at java.base/java.io.FileInputStream.open0(Native Method)
	at java.base/java.io.FileInputStream.open(FileInputStream.java:219)
	at java.base/java.io.FileInputStream.<init>(FileInputStream.java:157)
	at java.base/java.io.FileReader.<init>(FileReader.java:75)
	at org.python.pydev.shared_interactive_console.console.ScriptConsoleGlobalHistory.load(ScriptConsoleGlobalHistory.java:96)
	at org.python.pydev.shared_interactive_console.console.ScriptConsoleGlobalHistory.<init>(ScriptConsoleGlobalHistory.java:45)
	at org.python.pydev.shared_interactive_console.console.ScriptConsoleGlobalHistory.<clinit>(ScriptConsoleGlobalHistory.java:37)
	at org.python.pydev.shared_interactive_console.console.ScriptConsoleHistory.<init>(ScriptConsoleHistory.java:56)
	at org.python.pydev.shared_interactive_console.console.ui.ScriptConsole.<init>(ScriptConsole.java:210)
	at org.python.pydev.debug.newconsole.PydevConsole.<init>(PydevConsole.java:84)
	at org.python.pydev.debug.newconsole.PydevDebugConsole.<init>(PydevDebugConsole.java:29)
	at org.python.pydev.debug.newconsole.PydevConsoleFactory.createDebugConsole(PydevConsoleFactory.java:285)
	at org.python.pydev.debug.newconsole.PydevConsoleFactory.createDebugConsole(PydevConsoleFactory.java:260)
	at org.python.pydev.debug.console.PromptOverlay.<init>(PromptOverlay.java:77)
	at org.python.pydev.debug.console.PromptOverlayConsolePageParticipant.init(PromptOverlayConsolePageParticipant.java:48)
	at org.eclipse.ui.internal.console.ConsoleView$3.run(ConsoleView.java:343)
	at org.eclipse.core.runtime.SafeRunner.run(SafeRunner.java:45)
	at org.eclipse.ui.internal.console.ConsoleView.doCreatePage(ConsoleView.java:340)
	at org.eclipse.ui.part.PageBookView.createPage(PageBookView.java:369)
	at org.eclipse.ui.part.PageBookView.partActivated(PageBookView.java:696)
	at org.eclipse.ui.internal.console.ConsoleView.lambda$0(ConsoleView.java:412)
	at org.eclipse.swt.widgets.RunnableLock.run(RunnableLock.java:40)
	at org.eclipse.swt.widgets.Synchronizer.runAsyncMessages(Synchronizer.java:185)
	at org.eclipse.swt.widgets.Display.runAsyncMessages(Display.java:5101)
	at org.eclipse.swt.widgets.Display.readAndDispatch(Display.java:4584)
	at org.eclipse.e4.ui.internal.workbench.swt.PartRenderingEngine$5.run(PartRenderingEngine.java:1155)
	at org.eclipse.core.databinding.observable.Realm.runWithDefault(Realm.java:338)
	at org.eclipse.e4.ui.internal.workbench.swt.PartRenderingEngine.run(PartRenderingEngine.java:1046)
	at org.eclipse.e4.ui.internal.workbench.E4Workbench.createAndRunUI(E4Workbench.java:155)
	at org.eclipse.ui.internal.Workbench.lambda$3(Workbench.java:644)
	at org.eclipse.core.databinding.observable.Realm.runWithDefault(Realm.java:338)
	at org.eclipse.ui.internal.Workbench.createAndRunWorkbench(Workbench.java:551)
	at org.eclipse.ui.PlatformUI.createAndRunWorkbench(PlatformUI.java:156)
	at org.eclipse.ui.internal.ide.application.IDEApplication.start(IDEApplication.java:152)
	at org.eclipse.equinox.internal.app.EclipseAppHandle.run(EclipseAppHandle.java:203)
	at org.eclipse.core.runtime.internal.adaptor.EclipseAppLauncher.runApplication(EclipseAppLauncher.java:136)
	at org.eclipse.core.runtime.internal.adaptor.EclipseAppLauncher.start(EclipseAppLauncher.java:104)
	at org.eclipse.core.runtime.adaptor.EclipseStarter.run(EclipseStarter.java:401)
	at org.eclipse.core.runtime.adaptor.EclipseStarter.run(EclipseStarter.java:255)
	at java.base/jdk.internal.reflect.NativeMethodAccessorImpl.invoke0(Native Method)
	at java.base/jdk.internal.reflect.NativeMethodAccessorImpl.invoke(NativeMethodAccessorImpl.java:62)
	at java.base/jdk.internal.reflect.DelegatingMethodAccessorImpl.invoke(DelegatingMethodAccessorImpl.java:43)
	at java.base/java.lang.reflect.Method.invoke(Method.java:566)
	at org.eclipse.equinox.launcher.Main.invokeFramework(Main.java:659)
	at org.eclipse.equinox.launcher.Main.basicRun(Main.java:596)
	at org.eclipse.equinox.launcher.Main.run(Main.java:1467)
	at org.eclipse.equinox.launcher.Main.main(Main.java:1440)
!SESSION 2022-11-23 08:11:33.726 -----------------------------------------------
eclipse.buildId=4.23.0.I20220308-0310
java.version=11.0.17
java.vendor=Ubuntu
BootLoader constants: OS=linux, ARCH=x86_64, WS=gtk, NL=en_US
Framework arguments:  -product org.eclipse.epp.package.java.product
Command-line arguments:  -os linux -ws gtk -arch x86_64 -product org.eclipse.epp.package.java.product

!ENTRY org.eclipse.jface 2 0 2022-11-23 08:11:44.006
!MESSAGE Keybinding conflicts occurred.  They may interfere with normal accelerator operation.
!SUBENTRY 1 org.eclipse.jface 2 0 2022-11-23 08:11:44.006
!MESSAGE A conflict occurred for CTRL+SHIFT+T:
Binding(CTRL+SHIFT+T,
	ParameterizedCommand(Command(org.eclipse.jdt.ui.navigate.open.type,Open Type,
		Open a type in a Java editor,
		Category(org.eclipse.ui.category.navigate,Navigate,null,true),
		org.eclipse.ui.internal.WorkbenchHandlerServiceHandler@4e26564d,
		,,true),null),
	org.eclipse.ui.defaultAcceleratorConfiguration,
	org.eclipse.ui.contexts.window,,,system)
Binding(CTRL+SHIFT+T,
	ParameterizedCommand(Command(org.eclipse.lsp4e.symbolinworkspace,Go to Symbol in Workspace,
		,
		Category(org.eclipse.lsp4e.category,Language Servers,null,true),
		org.eclipse.ui.internal.WorkbenchHandlerServiceHandler@42238078,
		,,true),null),
	org.eclipse.ui.defaultAcceleratorConfiguration,
	org.eclipse.ui.contexts.window,,,system)
!SUBENTRY 1 org.eclipse.jface 2 0 2022-11-23 08:11:44.006
!MESSAGE A conflict occurred for ALT+SHIFT+R:
Binding(ALT+SHIFT+R,
	ParameterizedCommand(Command(org.eclipse.jdt.ui.edit.text.java.rename.element,Rename - Refactoring ,
		Rename the selected element,
		Category(org.eclipse.jdt.ui.category.refactoring,Refactor - Java,Java Refactoring Actions,true),
		org.eclipse.ui.internal.WorkbenchHandlerServiceHandler@5627b8eb,
		,,true),null),
	org.eclipse.ui.defaultAcceleratorConfiguration,
	org.eclipse.ui.contexts.window,,,system)
Binding(ALT+SHIFT+R,
	ParameterizedCommand(Command(org.eclipse.ui.edit.rename,Rename,
		Rename the selected item,
		Category(org.eclipse.ui.category.file,File,null,true),
		org.eclipse.ui.internal.WorkbenchHandlerServiceHandler@49fe0bcd,
		,,true),null),
	org.eclipse.ui.defaultAcceleratorConfiguration,
	org.eclipse.ui.contexts.window,,,system)
